#
# There is insufficient memory for the Java Runtime Environment to continue.
# Native memory allocation (malloc) failed to allocate 32744 bytes. Error detail: Chunk::new
# Possible reasons:
#   The system is out of physical RAM or swap space
#   This process is running with CompressedOops enabled, and the Java Heap may be blocking the growth of the native heap
# Possible solutions:
#   Reduce memory load on the system
#   Increase physical memory or swap space
#   Check if swap backing store is full
#   Decrease Java heap size (-Xmx/-Xms)
#   Decrease number of Java threads
#   Decrease Java thread stack sizes (-Xss)
#   Set larger code cache with -XX:ReservedCodeCacheSize=
#   JVM is running with Unscaled Compressed Oops mode in which the Java heap is
#     placed in the first 4GB address space. The Java Heap base address is the
#     maximum limit for the native heap growth. Please use -XX:HeapBaseMinAddress
#     to set the Java Heap base and to place the Java Heap above 4GB virtual address.
# This output file may be truncated or incomplete.
#
#  Out of Memory Error (arena.cpp:168), pid=3428, tid=18352
#
# JRE version: OpenJDK Runtime Environment (21.0.6) (build 21.0.6+-13355223-b631.42)
# Java VM: OpenJDK 64-Bit Server VM (21.0.6+-13355223-b631.42, mixed mode, tiered, compressed oops, compressed class ptrs, g1 gc, windows-amd64)
# No core dump will be written. Minidumps are not enabled by default on client versions of Windows
#

---------------  S U M M A R Y ------------

Command Line: --add-opens=java.base/java.lang=ALL-UNNAMED --add-opens=java.base/java.lang.invoke=ALL-UNNAMED --add-opens=java.base/java.util=ALL-UNNAMED --add-opens=java.prefs/java.util.prefs=ALL-UNNAMED --add-exports=jdk.compiler/com.sun.tools.javac.api=ALL-UNNAMED --add-exports=jdk.compiler/com.sun.tools.javac.util=ALL-UNNAMED --add-opens=java.base/java.util=ALL-UNNAMED --add-opens=java.prefs/java.util.prefs=ALL-UNNAMED --add-opens=java.base/java.nio.charset=ALL-UNNAMED --add-opens=java.base/java.net=ALL-UNNAMED --add-opens=java.base/java.util.concurrent.atomic=ALL-UNNAMED --add-opens=java.xml/javax.xml.namespace=ALL-UNNAMED -Xmx2048m -Dfile.encoding=UTF-8 -Duser.country=IN -Duser.language=en -Duser.variant -javaagent:C:\Users\HARSH\.gradle\wrapper\dists\gradle-8.11.1-bin\bpt9gzteqjrbo1mjrsomdt32c\gradle-8.11.1\lib\agents\gradle-instrumentation-agent-8.11.1.jar org.gradle.launcher.daemon.bootstrap.GradleDaemon 8.11.1

Host: AMD Ryzen 5 3500U with Radeon Vega Mobile Gfx  , 8 cores, 13G,  Windows 11 , 64 bit Build 26100 (10.0.26100.3775)
Time: Thu May  8 10:38:24 2025 India Standard Time elapsed time: 31.304974 seconds (0d 0h 0m 31s)

---------------  T H R E A D  ---------------

Current thread (0x000001fcfd119590):  JavaThread "C1 CompilerThread0" daemon [_thread_in_native, id=18352, stack(0x000000dd62900000,0x000000dd62a00000) (1024K)]


Current CompileTask:
C1:31305 6295   !   3       org.antlr.v4.runtime.Lexer::nextToken (249 bytes)

Stack: [0x000000dd62900000,0x000000dd62a00000]
Native frames: (J=compiled Java code, j=interpreted, Vv=VM code, C=native code)
V  [jvm.dll+0x6d05a9]
V  [jvm.dll+0x85ea73]
V  [jvm.dll+0x860fce]
V  [jvm.dll+0x8616b3]
V  [jvm.dll+0x27e6e6]
V  [jvm.dll+0xbff6d]
V  [jvm.dll+0xc04a3]
V  [jvm.dll+0x18a4e5]
V  [jvm.dll+0x17ddf3]
V  [jvm.dll+0x17a46e]
V  [jvm.dll+0x168340]
V  [jvm.dll+0x150377]
V  [jvm.dll+0x14fca8]
V  [jvm.dll+0x14fee6]
V  [jvm.dll+0x14f25f]
V  [jvm.dll+0x151081]
V  [jvm.dll+0x2569ac]
V  [jvm.dll+0x254ef6]
V  [jvm.dll+0x3f0e56]
V  [jvm.dll+0x806e48]
V  [jvm.dll+0x6cee7d]
C  [ucrtbase.dll+0x37b0]
C  [KERNEL32.DLL+0x2e8d7]
C  [ntdll.dll+0xb14fc]


---------------  P R O C E S S  ---------------

Threads class SMR info:
_java_thread_list=0x000001fc920b6370, length=60, elements={
0x000001fcf06eaea0, 0x000001fcfd0b9ad0, 0x000001fcfd0ea370, 0x000001fcfd100450,
0x000001fcfd100ea0, 0x000001fcfd1018f0, 0x000001fcfd10db20, 0x000001fcfd10ff80,
0x000001fcfd119590, 0x000001fcfd1b3980, 0x000001fcfd3f8f30, 0x000001fcfee986a0,
0x000001fcfee95f40, 0x000001fcfee98d30, 0x000001fcfee965d0, 0x000001fcfee958b0,
0x000001fcfee96c60, 0x000001fcfee972f0, 0x000001fcfee97980, 0x000001fcfee98010,
0x000001fcfef74ed0, 0x000001fcfef73490, 0x000001fcfef75560, 0x000001fcfef75bf0,
0x000001fcfef72770, 0x000001fcfef74840, 0x000001fcfef76280, 0x000001fcfef72e00,
0x000001fcfef741b0, 0x000001fcfef73b20, 0x000001fcfef76910, 0x000001fcfef77630,
0x000001fcfef79070, 0x000001fcfef79700, 0x000001fcfef789e0, 0x000001fcfef79d90,
0x000001fcfef78350, 0x000001fcfef76fa0, 0x000001fcfef77cc0, 0x000001fc90722d80,
0x000001fc9071ff90, 0x000001fc90723aa0, 0x000001fc90720620, 0x000001fc907226f0,
0x000001fc907247c0, 0x000001fc90721340, 0x000001fc90724e50, 0x000001fc907219d0,
0x000001fc90725b70, 0x000001fc90726890, 0x000001fc907254e0, 0x000001fc90726200,
0x000001fc90726f20, 0x000001fc907275b0, 0x000001fcff95dde0, 0x000001fcff95e470,
0x000001fcff95c3a0, 0x000001fcff95eb00, 0x000001fcffa51450, 0x000001fcfd590990
}

Java Threads: ( => current thread )
  0x000001fcf06eaea0 JavaThread "main"                              [_thread_blocked, id=16932, stack(0x000000dd61a00000,0x000000dd61b00000) (1024K)]
  0x000001fcfd0b9ad0 JavaThread "Reference Handler"          daemon [_thread_blocked, id=16240, stack(0x000000dd62200000,0x000000dd62300000) (1024K)]
  0x000001fcfd0ea370 JavaThread "Finalizer"                  daemon [_thread_blocked, id=2768, stack(0x000000dd62300000,0x000000dd62400000) (1024K)]
  0x000001fcfd100450 JavaThread "Signal Dispatcher"          daemon [_thread_blocked, id=7956, stack(0x000000dd62400000,0x000000dd62500000) (1024K)]
  0x000001fcfd100ea0 JavaThread "Attach Listener"            daemon [_thread_blocked, id=18360, stack(0x000000dd62500000,0x000000dd62600000) (1024K)]
  0x000001fcfd1018f0 JavaThread "Service Thread"             daemon [_thread_blocked, id=8784, stack(0x000000dd62600000,0x000000dd62700000) (1024K)]
  0x000001fcfd10db20 JavaThread "Monitor Deflation Thread"   daemon [_thread_blocked, id=7924, stack(0x000000dd62700000,0x000000dd62800000) (1024K)]
  0x000001fcfd10ff80 JavaThread "C2 CompilerThread0"         daemon [_thread_in_native, id=7896, stack(0x000000dd62800000,0x000000dd62900000) (1024K)]
=>0x000001fcfd119590 JavaThread "C1 CompilerThread0"         daemon [_thread_in_native, id=18352, stack(0x000000dd62900000,0x000000dd62a00000) (1024K)]
  0x000001fcfd1b3980 JavaThread "Common-Cleaner"             daemon [_thread_blocked, id=3332, stack(0x000000dd62a00000,0x000000dd62b00000) (1024K)]
  0x000001fcfd3f8f30 JavaThread "Notification Thread"        daemon [_thread_blocked, id=7352, stack(0x000000dd62b00000,0x000000dd62c00000) (1024K)]
  0x000001fcfee986a0 JavaThread "Daemon health stats"               [_thread_blocked, id=9584, stack(0x000000dd62d00000,0x000000dd62e00000) (1024K)]
  0x000001fcfee95f40 JavaThread "Incoming local TCP Connector on port 54134"        [_thread_in_native, id=9952, stack(0x000000dd63200000,0x000000dd63300000) (1024K)]
  0x000001fcfee98d30 JavaThread "Daemon periodic checks"            [_thread_blocked, id=19740, stack(0x000000dd63300000,0x000000dd63400000) (1024K)]
  0x000001fcfee965d0 JavaThread "Daemon"                            [_thread_blocked, id=4720, stack(0x000000dd63500000,0x000000dd63600000) (1024K)]
  0x000001fcfee958b0 JavaThread "Handler for socket connection from /127.0.0.1:54134 to /127.0.0.1:54135"        [_thread_in_native, id=9812, stack(0x000000dd63600000,0x000000dd63700000) (1024K)]
  0x000001fcfee96c60 JavaThread "Cancel handler"                    [_thread_blocked, id=17512, stack(0x000000dd63700000,0x000000dd63800000) (1024K)]
  0x000001fcfee972f0 JavaThread "Daemon worker"                     [_thread_in_Java, id=17728, stack(0x000000dd63800000,0x000000dd63900000) (1024K)]
  0x000001fcfee97980 JavaThread "Asynchronous log dispatcher for DefaultDaemonConnection: socket connection from /127.0.0.1:54134 to /127.0.0.1:54135"        [_thread_blocked, id=960, stack(0x000000dd63900000,0x000000dd63a00000) (1024K)]
  0x000001fcfee98010 JavaThread "Stdin handler"                     [_thread_blocked, id=17756, stack(0x000000dd63a00000,0x000000dd63b00000) (1024K)]
  0x000001fcfef74ed0 JavaThread "Daemon client event forwarder"        [_thread_blocked, id=12388, stack(0x000000dd63b00000,0x000000dd63c00000) (1024K)]
  0x000001fcfef73490 JavaThread "Cache worker for journal cache (C:\Users\HARSH\.gradle\caches\journal-1)"        [_thread_blocked, id=18728, stack(0x000000dd63f00000,0x000000dd64000000) (1024K)]
  0x000001fcfef75560 JavaThread "File lock request listener"        [_thread_in_native, id=15380, stack(0x000000dd64000000,0x000000dd64100000) (1024K)]
  0x000001fcfef75bf0 JavaThread "Cache worker for file hash cache (C:\Users\HARSH\.gradle\caches\8.11.1\fileHashes)"        [_thread_blocked, id=6160, stack(0x000000dd64100000,0x000000dd64200000) (1024K)]
  0x000001fcfef72770 JavaThread "Cache worker for file content cache (C:\Users\HARSH\.gradle\caches\8.11.1\fileContent)"        [_thread_blocked, id=18768, stack(0x000000dd64300000,0x000000dd64400000) (1024K)]
  0x000001fcfef74840 JavaThread "Cache worker for file hash cache (C:\Users\HARSH\AndroidStudioProjects\MyApplication5\.gradle\8.11.1\fileHashes)"        [_thread_blocked, id=9340, stack(0x000000dd64400000,0x000000dd64500000) (1024K)]
  0x000001fcfef76280 JavaThread "Cache worker for Build Output Cleanup Cache (C:\Users\HARSH\AndroidStudioProjects\MyApplication5\.gradle\buildOutputCleanup)"        [_thread_blocked, id=11744, stack(0x000000dd64500000,0x000000dd64600000) (1024K)]
  0x000001fcfef72e00 JavaThread "File watcher server"        daemon [_thread_in_native, id=18920, stack(0x000000dd64600000,0x000000dd64700000) (1024K)]
  0x000001fcfef741b0 JavaThread "File watcher consumer"      daemon [_thread_blocked, id=364, stack(0x000000dd64700000,0x000000dd64800000) (1024K)]
  0x000001fcfef73b20 JavaThread "jar transforms"                    [_thread_blocked, id=8584, stack(0x000000dd64800000,0x000000dd64900000) (1024K)]
  0x000001fcfef76910 JavaThread "jar transforms Thread 2"           [_thread_blocked, id=20360, stack(0x000000dd64900000,0x000000dd64a00000) (1024K)]
  0x000001fcfef77630 JavaThread "jar transforms Thread 3"           [_thread_blocked, id=18496, stack(0x000000dd64a00000,0x000000dd64b00000) (1024K)]
  0x000001fcfef79070 JavaThread "jar transforms Thread 4"           [_thread_blocked, id=19792, stack(0x000000dd64b00000,0x000000dd64c00000) (1024K)]
  0x000001fcfef79700 JavaThread "jar transforms Thread 5"           [_thread_blocked, id=14036, stack(0x000000dd64c00000,0x000000dd64d00000) (1024K)]
  0x000001fcfef789e0 JavaThread "jar transforms Thread 6"           [_thread_blocked, id=18488, stack(0x000000dd64d00000,0x000000dd64e00000) (1024K)]
  0x000001fcfef79d90 JavaThread "jar transforms Thread 7"           [_thread_blocked, id=6660, stack(0x000000dd64e00000,0x000000dd64f00000) (1024K)]
  0x000001fcfef78350 JavaThread "jar transforms Thread 8"           [_thread_blocked, id=5900, stack(0x000000dd64f00000,0x000000dd65000000) (1024K)]
  0x000001fcfef76fa0 JavaThread "Cache worker for checksums cache (C:\Users\HARSH\AndroidStudioProjects\MyApplication5\.gradle\8.11.1\checksums)"        [_thread_blocked, id=13200, stack(0x000000dd64200000,0x000000dd64300000) (1024K)]
  0x000001fcfef77cc0 JavaThread "Cache worker for cache directory md-rule (C:\Users\HARSH\.gradle\caches\8.11.1\md-rule)"        [_thread_blocked, id=1404, stack(0x000000dd65000000,0x000000dd65100000) (1024K)]
  0x000001fc90722d80 JavaThread "Cache worker for cache directory md-supplier (C:\Users\HARSH\.gradle\caches\8.11.1\md-supplier)"        [_thread_blocked, id=2116, stack(0x000000dd65100000,0x000000dd65200000) (1024K)]
  0x000001fc9071ff90 JavaThread "Unconstrained build operations"        [_thread_blocked, id=19720, stack(0x000000dd65200000,0x000000dd65300000) (1024K)]
  0x000001fc90723aa0 JavaThread "Unconstrained build operations Thread 2"        [_thread_blocked, id=19948, stack(0x000000dd65300000,0x000000dd65400000) (1024K)]
  0x000001fc90720620 JavaThread "Unconstrained build operations Thread 3"        [_thread_blocked, id=16860, stack(0x000000dd65400000,0x000000dd65500000) (1024K)]
  0x000001fc907226f0 JavaThread "Unconstrained build operations Thread 4"        [_thread_blocked, id=18384, stack(0x000000dd65500000,0x000000dd65600000) (1024K)]
  0x000001fc907247c0 JavaThread "Unconstrained build operations Thread 5"        [_thread_blocked, id=1240, stack(0x000000dd65600000,0x000000dd65700000) (1024K)]
  0x000001fc90721340 JavaThread "Unconstrained build operations Thread 6"        [_thread_blocked, id=6084, stack(0x000000dd65700000,0x000000dd65800000) (1024K)]
  0x000001fc90724e50 JavaThread "Unconstrained build operations Thread 7"        [_thread_blocked, id=17028, stack(0x000000dd65800000,0x000000dd65900000) (1024K)]
  0x000001fc907219d0 JavaThread "Unconstrained build operations Thread 8"        [_thread_blocked, id=19040, stack(0x000000dd65900000,0x000000dd65a00000) (1024K)]
  0x000001fc90725b70 JavaThread "Unconstrained build operations Thread 9"        [_thread_blocked, id=14648, stack(0x000000dd65a00000,0x000000dd65b00000) (1024K)]
  0x000001fc90726890 JavaThread "Unconstrained build operations Thread 10"        [_thread_blocked, id=16856, stack(0x000000dd65b00000,0x000000dd65c00000) (1024K)]
  0x000001fc907254e0 JavaThread "Unconstrained build operations Thread 11"        [_thread_blocked, id=19312, stack(0x000000dd65c00000,0x000000dd65d00000) (1024K)]
  0x000001fc90726200 JavaThread "Unconstrained build operations Thread 12"        [_thread_blocked, id=17904, stack(0x000000dd65d00000,0x000000dd65e00000) (1024K)]
  0x000001fc90726f20 JavaThread "Unconstrained build operations Thread 13"        [_thread_blocked, id=9328, stack(0x000000dd65e00000,0x000000dd65f00000) (1024K)]
  0x000001fc907275b0 JavaThread "Unconstrained build operations Thread 14"        [_thread_blocked, id=11012, stack(0x000000dd65f00000,0x000000dd66000000) (1024K)]
  0x000001fcff95dde0 JavaThread "Unconstrained build operations Thread 15"        [_thread_blocked, id=13600, stack(0x000000dd66000000,0x000000dd66100000) (1024K)]
  0x000001fcff95e470 JavaThread "Unconstrained build operations Thread 16"        [_thread_blocked, id=4312, stack(0x000000dd66100000,0x000000dd66200000) (1024K)]
  0x000001fcff95c3a0 JavaThread "Unconstrained build operations Thread 17"        [_thread_blocked, id=1572, stack(0x000000dd66200000,0x000000dd66300000) (1024K)]
  0x000001fcff95eb00 JavaThread "Unconstrained build operations Thread 18"        [_thread_blocked, id=8324, stack(0x000000dd66300000,0x000000dd66400000) (1024K)]
  0x000001fcffa51450 JavaThread "C2 CompilerThread1"         daemon [_thread_in_native, id=9128, stack(0x000000dd63400000,0x000000dd63500000) (1024K)]
  0x000001fcfd590990 JavaThread "C2 CompilerThread2"         daemon [_thread_in_native, id=19752, stack(0x000000dd66400000,0x000000dd66500000) (1024K)]
Total: 60

Other Threads:
  0x000001fcfd087c20 VMThread "VM Thread"                           [id=14108, stack(0x000000dd62100000,0x000000dd62200000) (1024K)]
  0x000001fcf8de8790 WatcherThread "VM Periodic Task Thread"        [id=13288, stack(0x000000dd62000000,0x000000dd62100000) (1024K)]
  0x000001fcf0744320 WorkerThread "GC Thread#0"                     [id=1756, stack(0x000000dd61b00000,0x000000dd61c00000) (1024K)]
  0x000001fcfda62f60 WorkerThread "GC Thread#1"                     [id=1340, stack(0x000000dd62e00000,0x000000dd62f00000) (1024K)]
  0x000001fcfd720530 WorkerThread "GC Thread#2"                     [id=13832, stack(0x000000dd62f00000,0x000000dd63000000) (1024K)]
  0x000001fcfd7208d0 WorkerThread "GC Thread#3"                     [id=10712, stack(0x000000dd63000000,0x000000dd63100000) (1024K)]
  0x000001fcfdcdd8b0 WorkerThread "GC Thread#4"                     [id=19444, stack(0x000000dd63100000,0x000000dd63200000) (1024K)]
  0x000001fcfd4c5780 WorkerThread "GC Thread#5"                     [id=17488, stack(0x000000dd62c00000,0x000000dd62d00000) (1024K)]
  0x000001fcfebcdc10 WorkerThread "GC Thread#6"                     [id=7796, stack(0x000000dd63c00000,0x000000dd63d00000) (1024K)]
  0x000001fcfebccd90 WorkerThread "GC Thread#7"                     [id=12736, stack(0x000000dd63d00000,0x000000dd63e00000) (1024K)]
  0x000001fcf0756050 ConcurrentGCThread "G1 Main Marker"            [id=20384, stack(0x000000dd61c00000,0x000000dd61d00000) (1024K)]
  0x000001fcf0757200 WorkerThread "G1 Conc#0"                       [id=12612, stack(0x000000dd61d00000,0x000000dd61e00000) (1024K)]
  0x000001fcfebcd870 WorkerThread "G1 Conc#1"                       [id=14352, stack(0x000000dd63e00000,0x000000dd63f00000) (1024K)]
  0x000001fcf8cb83a0 ConcurrentGCThread "G1 Refine#0"               [id=10072, stack(0x000000dd61e00000,0x000000dd61f00000) (1024K)]
  0x000001fcf8cb9bd0 ConcurrentGCThread "G1 Service"                [id=18780, stack(0x000000dd61f00000,0x000000dd62000000) (1024K)]
Total: 15

Threads with active compile tasks:
C2 CompilerThread0  31367 6200   !   4       java.net.URLClassLoader::findClass (47 bytes)
C1 CompilerThread0  31367 6295   !   3       org.antlr.v4.runtime.Lexer::nextToken (249 bytes)
C2 CompilerThread1  31367 6204       4       java.net.URLClassLoader$1::run (5 bytes)
C2 CompilerThread2  31367 6205   !   4       java.net.URLClassLoader$1::run (81 bytes)
Total: 4

VM state: not at safepoint (normal execution)

VM Mutex/Monitor currently owned by a thread: None

Heap address: 0x0000000080000000, size: 2048 MB, Compressed Oops mode: 32-bit

CDS archive(s) not mapped
Compressed class space mapped at: 0x0000000100000000-0x0000000140000000, reserved size: 1073741824
Narrow klass base: 0x0000000000000000, Narrow klass shift: 3, Narrow klass range: 0x140000000

GC Precious Log:
 CardTable entry size: 512
 Card Set container configuration: InlinePtr #cards 5 size 8 Array Of Cards #cards 12 size 40 Howl #buckets 4 coarsen threshold 1843 Howl Bitmap #cards 512 size 80 coarsen threshold 460 Card regions per heap region 1 cards per card region 2048
 CPUs: 8 total, 8 available
 Memory: 14252M
 Large Page Support: Disabled
 NUMA Support: Disabled
 Compressed Oops: Enabled (32-bit)
 Heap Region Size: 1M
 Heap Min Capacity: 8M
 Heap Initial Capacity: 224M
 Heap Max Capacity: 2G
 Pre-touch: Disabled
 Parallel Workers: 8
 Concurrent Workers: 2
 Concurrent Refinement Workers: 8
 Periodic GC: Disabled

Heap:
 garbage-first heap   total 135168K, used 102211K [0x0000000080000000, 0x0000000100000000)
  region size 1024K, 27 young (27648K), 3 survivors (3072K)
 Metaspace       used 66392K, committed 68096K, reserved 1114112K
  class space    used 8970K, committed 9792K, reserved 1048576K

Heap Regions: E=young(eden), S=young(survivor), O=old, HS=humongous(starts), HC=humongous(continues), CS=collection set, F=free, TAMS=top-at-mark-start, PB=parsable bottom
|   0|0x0000000080000000, 0x0000000080100000, 0x0000000080100000|100%| O|  |TAMS 0x0000000080000000| PB 0x0000000080000000| Untracked 
|   1|0x0000000080100000, 0x0000000080200000, 0x0000000080200000|100%|HS|  |TAMS 0x0000000080100000| PB 0x0000000080100000| Complete 
|   2|0x0000000080200000, 0x0000000080300000, 0x0000000080300000|100%|HC|  |TAMS 0x0000000080200000| PB 0x0000000080200000| Complete 
|   3|0x0000000080300000, 0x0000000080400000, 0x0000000080400000|100%|HC|  |TAMS 0x0000000080300000| PB 0x0000000080300000| Complete 
|   4|0x0000000080400000, 0x0000000080500000, 0x0000000080500000|100%| O|  |TAMS 0x0000000080400000| PB 0x0000000080400000| Untracked 
|   5|0x0000000080500000, 0x0000000080600000, 0x0000000080600000|100%| O|  |TAMS 0x0000000080500000| PB 0x0000000080500000| Untracked 
|   6|0x0000000080600000, 0x0000000080700000, 0x0000000080700000|100%| O|  |TAMS 0x0000000080600000| PB 0x0000000080600000| Untracked 
|   7|0x0000000080700000, 0x0000000080800000, 0x0000000080800000|100%|HS|  |TAMS 0x0000000080700000| PB 0x0000000080700000| Complete 
|   8|0x0000000080800000, 0x0000000080900000, 0x0000000080900000|100%| O|  |TAMS 0x0000000080800000| PB 0x0000000080800000| Untracked 
|   9|0x0000000080900000, 0x0000000080a00000, 0x0000000080a00000|100%| O|  |TAMS 0x0000000080900000| PB 0x0000000080900000| Untracked 
|  10|0x0000000080a00000, 0x0000000080b00000, 0x0000000080b00000|100%| O|  |TAMS 0x0000000080a00000| PB 0x0000000080a00000| Untracked 
|  11|0x0000000080b00000, 0x0000000080c00000, 0x0000000080c00000|100%| O|  |TAMS 0x0000000080b00000| PB 0x0000000080b00000| Untracked 
|  12|0x0000000080c00000, 0x0000000080d00000, 0x0000000080d00000|100%| O|  |TAMS 0x0000000080c00000| PB 0x0000000080c00000| Untracked 
|  13|0x0000000080d00000, 0x0000000080e00000, 0x0000000080e00000|100%| O|  |TAMS 0x0000000080d00000| PB 0x0000000080d00000| Untracked 
|  14|0x0000000080e00000, 0x0000000080f00000, 0x0000000080f00000|100%| O|  |TAMS 0x0000000080e00000| PB 0x0000000080e00000| Untracked 
|  15|0x0000000080f00000, 0x0000000081000000, 0x0000000081000000|100%| O|  |TAMS 0x0000000080f00000| PB 0x0000000080f00000| Untracked 
|  16|0x0000000081000000, 0x0000000081100000, 0x0000000081100000|100%| O|  |TAMS 0x0000000081000000| PB 0x0000000081000000| Untracked 
|  17|0x0000000081100000, 0x0000000081200000, 0x0000000081200000|100%| O|  |TAMS 0x0000000081100000| PB 0x0000000081100000| Untracked 
|  18|0x0000000081200000, 0x0000000081300000, 0x0000000081300000|100%| O|  |TAMS 0x0000000081200000| PB 0x0000000081200000| Untracked 
|  19|0x0000000081300000, 0x0000000081400000, 0x0000000081400000|100%| O|  |TAMS 0x0000000081300000| PB 0x0000000081300000| Untracked 
|  20|0x0000000081400000, 0x0000000081500000, 0x0000000081500000|100%| O|  |TAMS 0x0000000081400000| PB 0x0000000081400000| Untracked 
|  21|0x0000000081500000, 0x0000000081600000, 0x0000000081600000|100%|HS|  |TAMS 0x0000000081500000| PB 0x0000000081500000| Complete 
|  22|0x0000000081600000, 0x0000000081700000, 0x0000000081700000|100%|HC|  |TAMS 0x0000000081600000| PB 0x0000000081600000| Complete 
|  23|0x0000000081700000, 0x0000000081800000, 0x0000000081800000|100%|HC|  |TAMS 0x0000000081700000| PB 0x0000000081700000| Complete 
|  24|0x0000000081800000, 0x0000000081900000, 0x0000000081900000|100%|HC|  |TAMS 0x0000000081800000| PB 0x0000000081800000| Complete 
|  25|0x0000000081900000, 0x0000000081a00000, 0x0000000081a00000|100%|HC|  |TAMS 0x0000000081900000| PB 0x0000000081900000| Complete 
|  26|0x0000000081a00000, 0x0000000081b00000, 0x0000000081b00000|100%|HC|  |TAMS 0x0000000081a00000| PB 0x0000000081a00000| Complete 
|  27|0x0000000081b00000, 0x0000000081c00000, 0x0000000081c00000|100%|HS|  |TAMS 0x0000000081b00000| PB 0x0000000081b00000| Complete 
|  28|0x0000000081c00000, 0x0000000081d00000, 0x0000000081d00000|100%| O|  |TAMS 0x0000000081c00000| PB 0x0000000081c00000| Untracked 
|  29|0x0000000081d00000, 0x0000000081e00000, 0x0000000081e00000|100%| O|  |TAMS 0x0000000081d00000| PB 0x0000000081d00000| Untracked 
|  30|0x0000000081e00000, 0x0000000081f00000, 0x0000000081f00000|100%| O|  |TAMS 0x0000000081e00000| PB 0x0000000081e00000| Untracked 
|  31|0x0000000081f00000, 0x0000000082000000, 0x0000000082000000|100%| O|  |TAMS 0x0000000081f00000| PB 0x0000000081f00000| Untracked 
|  32|0x0000000082000000, 0x0000000082100000, 0x0000000082100000|100%| O|  |TAMS 0x0000000082000000| PB 0x0000000082000000| Untracked 
|  33|0x0000000082100000, 0x0000000082200000, 0x0000000082200000|100%|HS|  |TAMS 0x0000000082100000| PB 0x0000000082100000| Complete 
|  34|0x0000000082200000, 0x0000000082300000, 0x0000000082300000|100%|HC|  |TAMS 0x0000000082200000| PB 0x0000000082200000| Complete 
|  35|0x0000000082300000, 0x0000000082400000, 0x0000000082400000|100%|HC|  |TAMS 0x0000000082300000| PB 0x0000000082300000| Complete 
|  36|0x0000000082400000, 0x0000000082500000, 0x0000000082500000|100%|HC|  |TAMS 0x0000000082400000| PB 0x0000000082400000| Complete 
|  37|0x0000000082500000, 0x0000000082600000, 0x0000000082600000|100%|HS|  |TAMS 0x0000000082500000| PB 0x0000000082500000| Complete 
|  38|0x0000000082600000, 0x0000000082700000, 0x0000000082700000|100%|HC|  |TAMS 0x0000000082600000| PB 0x0000000082600000| Complete 
|  39|0x0000000082700000, 0x0000000082800000, 0x0000000082800000|100%| O|  |TAMS 0x0000000082700000| PB 0x0000000082700000| Untracked 
|  40|0x0000000082800000, 0x0000000082900000, 0x0000000082900000|100%| O|  |TAMS 0x0000000082800000| PB 0x0000000082800000| Untracked 
|  41|0x0000000082900000, 0x0000000082a00000, 0x0000000082a00000|100%| O|  |TAMS 0x0000000082900000| PB 0x0000000082900000| Untracked 
|  42|0x0000000082a00000, 0x0000000082b00000, 0x0000000082b00000|100%| O|  |TAMS 0x0000000082a00000| PB 0x0000000082a00000| Untracked 
|  43|0x0000000082b00000, 0x0000000082c00000, 0x0000000082c00000|100%| O|  |TAMS 0x0000000082b00000| PB 0x0000000082b00000| Untracked 
|  44|0x0000000082c00000, 0x0000000082d00000, 0x0000000082d00000|100%| O|  |TAMS 0x0000000082c00000| PB 0x0000000082c00000| Untracked 
|  45|0x0000000082d00000, 0x0000000082e00000, 0x0000000082e00000|100%| O|  |TAMS 0x0000000082d00000| PB 0x0000000082d00000| Untracked 
|  46|0x0000000082e00000, 0x0000000082f00000, 0x0000000082f00000|100%| O|  |TAMS 0x0000000082e00000| PB 0x0000000082e00000| Untracked 
|  47|0x0000000082f00000, 0x0000000083000000, 0x0000000083000000|100%|HS|  |TAMS 0x0000000082f00000| PB 0x0000000082f00000| Complete 
|  48|0x0000000083000000, 0x0000000083100000, 0x0000000083100000|100%|HC|  |TAMS 0x0000000083000000| PB 0x0000000083000000| Complete 
|  49|0x0000000083100000, 0x0000000083200000, 0x0000000083200000|100%| O|  |TAMS 0x0000000083100000| PB 0x0000000083100000| Untracked 
|  50|0x0000000083200000, 0x0000000083200000, 0x0000000083300000|  0%| F|  |TAMS 0x0000000083200000| PB 0x0000000083200000| Untracked 
|  51|0x0000000083300000, 0x0000000083400000, 0x0000000083400000|100%| O|  |TAMS 0x0000000083300000| PB 0x0000000083300000| Untracked 
|  52|0x0000000083400000, 0x0000000083500000, 0x0000000083500000|100%| O|  |TAMS 0x0000000083400000| PB 0x0000000083400000| Untracked 
|  53|0x0000000083500000, 0x0000000083600000, 0x0000000083600000|100%| O|  |TAMS 0x0000000083500000| PB 0x0000000083500000| Untracked 
|  54|0x0000000083600000, 0x0000000083700000, 0x0000000083700000|100%| O|  |TAMS 0x0000000083600000| PB 0x0000000083600000| Untracked 
|  55|0x0000000083700000, 0x00000000837b30c0, 0x0000000083800000| 69%| O|  |TAMS 0x0000000083700000| PB 0x0000000083700000| Untracked 
|  56|0x0000000083800000, 0x0000000083800000, 0x0000000083900000|  0%| F|  |TAMS 0x0000000083800000| PB 0x0000000083800000| Untracked 
|  57|0x0000000083900000, 0x0000000083900000, 0x0000000083a00000|  0%| F|  |TAMS 0x0000000083900000| PB 0x0000000083900000| Untracked 
|  58|0x0000000083a00000, 0x0000000083b00000, 0x0000000083b00000|100%| O|  |TAMS 0x0000000083a00000| PB 0x0000000083a00000| Untracked 
|  59|0x0000000083b00000, 0x0000000083c00000, 0x0000000083c00000|100%| O|  |TAMS 0x0000000083b00000| PB 0x0000000083b00000| Untracked 
|  60|0x0000000083c00000, 0x0000000083d00000, 0x0000000083d00000|100%| O|  |TAMS 0x0000000083c00000| PB 0x0000000083c00000| Untracked 
|  61|0x0000000083d00000, 0x0000000083d00000, 0x0000000083e00000|  0%| F|  |TAMS 0x0000000083d00000| PB 0x0000000083d00000| Untracked 
|  62|0x0000000083e00000, 0x0000000083e00000, 0x0000000083f00000|  0%| F|  |TAMS 0x0000000083e00000| PB 0x0000000083e00000| Untracked 
|  63|0x0000000083f00000, 0x0000000083f00000, 0x0000000084000000|  0%| F|  |TAMS 0x0000000083f00000| PB 0x0000000083f00000| Untracked 
|  64|0x0000000084000000, 0x0000000084000000, 0x0000000084100000|  0%| F|  |TAMS 0x0000000084000000| PB 0x0000000084000000| Untracked 
|  65|0x0000000084100000, 0x0000000084100000, 0x0000000084200000|  0%| F|  |TAMS 0x0000000084100000| PB 0x0000000084100000| Untracked 
|  66|0x0000000084200000, 0x0000000084200000, 0x0000000084300000|  0%| F|  |TAMS 0x0000000084200000| PB 0x0000000084200000| Untracked 
|  67|0x0000000084300000, 0x0000000084300000, 0x0000000084400000|  0%| F|  |TAMS 0x0000000084300000| PB 0x0000000084300000| Untracked 
|  68|0x0000000084400000, 0x0000000084500000, 0x0000000084500000|100%|HS|  |TAMS 0x0000000084400000| PB 0x0000000084400000| Complete 
|  69|0x0000000084500000, 0x0000000084600000, 0x0000000084600000|100%|HC|  |TAMS 0x0000000084500000| PB 0x0000000084500000| Complete 
|  70|0x0000000084600000, 0x0000000084700000, 0x0000000084700000|100%|HC|  |TAMS 0x0000000084600000| PB 0x0000000084600000| Complete 
|  71|0x0000000084700000, 0x0000000084800000, 0x0000000084800000|100%|HC|  |TAMS 0x0000000084700000| PB 0x0000000084700000| Complete 
|  72|0x0000000084800000, 0x0000000084900000, 0x0000000084900000|100%|HC|  |TAMS 0x0000000084800000| PB 0x0000000084800000| Complete 
|  73|0x0000000084900000, 0x0000000084a00000, 0x0000000084a00000|100%|HC|  |TAMS 0x0000000084900000| PB 0x0000000084900000| Complete 
|  74|0x0000000084a00000, 0x0000000084a00000, 0x0000000084b00000|  0%| F|  |TAMS 0x0000000084a00000| PB 0x0000000084a00000| Untracked 
|  75|0x0000000084b00000, 0x0000000084b00000, 0x0000000084c00000|  0%| F|  |TAMS 0x0000000084b00000| PB 0x0000000084b00000| Untracked 
|  76|0x0000000084c00000, 0x0000000084c00000, 0x0000000084d00000|  0%| F|  |TAMS 0x0000000084c00000| PB 0x0000000084c00000| Untracked 
|  77|0x0000000084d00000, 0x0000000084d00000, 0x0000000084e00000|  0%| F|  |TAMS 0x0000000084d00000| PB 0x0000000084d00000| Untracked 
|  78|0x0000000084e00000, 0x0000000084f00000, 0x0000000084f00000|100%|HS|  |TAMS 0x0000000084e00000| PB 0x0000000084e00000| Complete 
|  79|0x0000000084f00000, 0x0000000085000000, 0x0000000085000000|100%|HC|  |TAMS 0x0000000084f00000| PB 0x0000000084f00000| Complete 
|  80|0x0000000085000000, 0x0000000085100000, 0x0000000085100000|100%|HC|  |TAMS 0x0000000085000000| PB 0x0000000085000000| Complete 
|  81|0x0000000085100000, 0x0000000085200000, 0x0000000085200000|100%|HC|  |TAMS 0x0000000085100000| PB 0x0000000085100000| Complete 
|  82|0x0000000085200000, 0x0000000085300000, 0x0000000085300000|100%|HC|  |TAMS 0x0000000085200000| PB 0x0000000085200000| Complete 
|  83|0x0000000085300000, 0x0000000085400000, 0x0000000085400000|100%|HC|  |TAMS 0x0000000085300000| PB 0x0000000085300000| Complete 
|  84|0x0000000085400000, 0x0000000085400000, 0x0000000085500000|  0%| F|  |TAMS 0x0000000085400000| PB 0x0000000085400000| Untracked 
|  85|0x0000000085500000, 0x0000000085500000, 0x0000000085600000|  0%| F|  |TAMS 0x0000000085500000| PB 0x0000000085500000| Untracked 
|  86|0x0000000085600000, 0x0000000085600000, 0x0000000085700000|  0%| F|  |TAMS 0x0000000085600000| PB 0x0000000085600000| Untracked 
|  87|0x0000000085700000, 0x0000000085700000, 0x0000000085800000|  0%| F|  |TAMS 0x0000000085700000| PB 0x0000000085700000| Untracked 
|  88|0x0000000085800000, 0x000000008581dbe0, 0x0000000085900000| 11%| S|CS|TAMS 0x0000000085800000| PB 0x0000000085800000| Complete 
|  89|0x0000000085900000, 0x0000000085a00000, 0x0000000085a00000|100%| S|CS|TAMS 0x0000000085900000| PB 0x0000000085900000| Complete 
|  90|0x0000000085a00000, 0x0000000085b00000, 0x0000000085b00000|100%| S|CS|TAMS 0x0000000085a00000| PB 0x0000000085a00000| Complete 
|  91|0x0000000085b00000, 0x0000000085b00000, 0x0000000085c00000|  0%| F|  |TAMS 0x0000000085b00000| PB 0x0000000085b00000| Untracked 
|  92|0x0000000085c00000, 0x0000000085c00000, 0x0000000085d00000|  0%| F|  |TAMS 0x0000000085c00000| PB 0x0000000085c00000| Untracked 
|  93|0x0000000085d00000, 0x0000000085d00000, 0x0000000085e00000|  0%| F|  |TAMS 0x0000000085d00000| PB 0x0000000085d00000| Untracked 
|  94|0x0000000085e00000, 0x0000000085e00000, 0x0000000085f00000|  0%| F|  |TAMS 0x0000000085e00000| PB 0x0000000085e00000| Untracked 
|  95|0x0000000085f00000, 0x0000000085f00000, 0x0000000086000000|  0%| F|  |TAMS 0x0000000085f00000| PB 0x0000000085f00000| Untracked 
|  96|0x0000000086000000, 0x0000000086000000, 0x0000000086100000|  0%| F|  |TAMS 0x0000000086000000| PB 0x0000000086000000| Untracked 
|  97|0x0000000086100000, 0x0000000086100000, 0x0000000086200000|  0%| F|  |TAMS 0x0000000086100000| PB 0x0000000086100000| Untracked 
|  98|0x0000000086200000, 0x0000000086200000, 0x0000000086300000|  0%| F|  |TAMS 0x0000000086200000| PB 0x0000000086200000| Untracked 
|  99|0x0000000086300000, 0x0000000086300000, 0x0000000086400000|  0%| F|  |TAMS 0x0000000086300000| PB 0x0000000086300000| Untracked 
| 100|0x0000000086400000, 0x0000000086400000, 0x0000000086500000|  0%| F|  |TAMS 0x0000000086400000| PB 0x0000000086400000| Untracked 
| 101|0x0000000086500000, 0x0000000086500000, 0x0000000086600000|  0%| F|  |TAMS 0x0000000086500000| PB 0x0000000086500000| Untracked 
| 102|0x0000000086600000, 0x0000000086600000, 0x0000000086700000|  0%| F|  |TAMS 0x0000000086600000| PB 0x0000000086600000| Untracked 
| 103|0x0000000086700000, 0x0000000086780000, 0x0000000086800000| 50%| E|  |TAMS 0x0000000086700000| PB 0x0000000086700000| Complete 
| 104|0x0000000086800000, 0x0000000086900000, 0x0000000086900000|100%| E|CS|TAMS 0x0000000086800000| PB 0x0000000086800000| Complete 
| 105|0x0000000086900000, 0x0000000086a00000, 0x0000000086a00000|100%| E|CS|TAMS 0x0000000086900000| PB 0x0000000086900000| Complete 
| 106|0x0000000086a00000, 0x0000000086b00000, 0x0000000086b00000|100%| E|CS|TAMS 0x0000000086a00000| PB 0x0000000086a00000| Complete 
| 107|0x0000000086b00000, 0x0000000086c00000, 0x0000000086c00000|100%| E|CS|TAMS 0x0000000086b00000| PB 0x0000000086b00000| Complete 
| 108|0x0000000086c00000, 0x0000000086d00000, 0x0000000086d00000|100%| E|CS|TAMS 0x0000000086c00000| PB 0x0000000086c00000| Complete 
| 109|0x0000000086d00000, 0x0000000086e00000, 0x0000000086e00000|100%| E|CS|TAMS 0x0000000086d00000| PB 0x0000000086d00000| Complete 
| 110|0x0000000086e00000, 0x0000000086f00000, 0x0000000086f00000|100%| E|CS|TAMS 0x0000000086e00000| PB 0x0000000086e00000| Complete 
| 111|0x0000000086f00000, 0x0000000087000000, 0x0000000087000000|100%| E|CS|TAMS 0x0000000086f00000| PB 0x0000000086f00000| Complete 
| 112|0x0000000087000000, 0x0000000087100000, 0x0000000087100000|100%| E|CS|TAMS 0x0000000087000000| PB 0x0000000087000000| Complete 
| 113|0x0000000087100000, 0x0000000087200000, 0x0000000087200000|100%| E|CS|TAMS 0x0000000087100000| PB 0x0000000087100000| Complete 
| 114|0x0000000087200000, 0x0000000087300000, 0x0000000087300000|100%| E|CS|TAMS 0x0000000087200000| PB 0x0000000087200000| Complete 
| 188|0x000000008bc00000, 0x000000008bd00000, 0x000000008bd00000|100%| E|CS|TAMS 0x000000008bc00000| PB 0x000000008bc00000| Complete 
| 189|0x000000008bd00000, 0x000000008be00000, 0x000000008be00000|100%| E|CS|TAMS 0x000000008bd00000| PB 0x000000008bd00000| Complete 
| 190|0x000000008be00000, 0x000000008bf00000, 0x000000008bf00000|100%| E|CS|TAMS 0x000000008be00000| PB 0x000000008be00000| Complete 
| 191|0x000000008bf00000, 0x000000008c000000, 0x000000008c000000|100%| E|CS|TAMS 0x000000008bf00000| PB 0x000000008bf00000| Complete 
| 192|0x000000008c000000, 0x000000008c100000, 0x000000008c100000|100%| E|CS|TAMS 0x000000008c000000| PB 0x000000008c000000| Complete 
| 193|0x000000008c100000, 0x000000008c200000, 0x000000008c200000|100%| E|CS|TAMS 0x000000008c100000| PB 0x000000008c100000| Complete 
| 194|0x000000008c200000, 0x000000008c300000, 0x000000008c300000|100%| E|CS|TAMS 0x000000008c200000| PB 0x000000008c200000| Complete 
| 195|0x000000008c300000, 0x000000008c400000, 0x000000008c400000|100%| E|CS|TAMS 0x000000008c300000| PB 0x000000008c300000| Complete 
| 196|0x000000008c400000, 0x000000008c500000, 0x000000008c500000|100%| E|CS|TAMS 0x000000008c400000| PB 0x000000008c400000| Complete 
| 222|0x000000008de00000, 0x000000008df00000, 0x000000008df00000|100%| E|CS|TAMS 0x000000008de00000| PB 0x000000008de00000| Complete 
| 223|0x000000008df00000, 0x000000008e000000, 0x000000008e000000|100%| E|CS|TAMS 0x000000008df00000| PB 0x000000008df00000| Complete 
|2042|0x00000000ffa00000, 0x00000000ffb00000, 0x00000000ffb00000|100%| E|CS|TAMS 0x00000000ffa00000| PB 0x00000000ffa00000| Complete 
|2043|0x00000000ffb00000, 0x00000000ffc00000, 0x00000000ffc00000|100%| O|  |TAMS 0x00000000ffb00000| PB 0x00000000ffb00000| Untracked 
|2044|0x00000000ffc00000, 0x00000000ffd00000, 0x00000000ffd00000|100%| O|  |TAMS 0x00000000ffc00000| PB 0x00000000ffc00000| Untracked 
|2045|0x00000000ffd00000, 0x00000000ffe00000, 0x00000000ffe00000|100%| O|  |TAMS 0x00000000ffd00000| PB 0x00000000ffd00000| Untracked 
|2046|0x00000000ffe00000, 0x00000000fff00000, 0x00000000fff00000|100%| O|  |TAMS 0x00000000ffe00000| PB 0x00000000ffe00000| Untracked 
|2047|0x00000000fff00000, 0x0000000100000000, 0x0000000100000000|100%| O|  |TAMS 0x00000000fff00000| PB 0x00000000fff00000| Untracked 

Card table byte_map: [0x000001fcf3f70000,0x000001fcf4370000] _byte_map_base: 0x000001fcf3b70000

Marking Bits: (CMBitMap*) 0x000001fcf0744930
 Bits: [0x000001fcf4370000, 0x000001fcf6370000)

Polling page: 0x000001fcee490000

Metaspace:

Usage:
  Non-class:     56.08 MB used.
      Class:      8.76 MB used.
       Both:     64.84 MB used.

Virtual space:
  Non-class space:       64.00 MB reserved,      56.94 MB ( 89%) committed,  1 nodes.
      Class space:        1.00 GB reserved,       9.56 MB ( <1%) committed,  1 nodes.
             Both:        1.06 GB reserved,      66.50 MB (  6%) committed. 

Chunk freelists:
   Non-Class:  6.38 MB
       Class:  6.26 MB
        Both:  12.64 MB

MaxMetaspaceSize: unlimited
CompressedClassSpaceSize: 1.00 GB
Initial GC threshold: 21.00 MB
Current GC threshold: 97.62 MB
CDS: off
 - commit_granule_bytes: 65536.
 - commit_granule_words: 8192.
 - virtual_space_node_default_size: 8388608.
 - enlarge_chunks_in_place: 1.
 - use_allocation_guard: 0.


Internal statistics:

num_allocs_failed_limit: 6.
num_arena_births: 3026.
num_arena_deaths: 0.
num_vsnodes_births: 2.
num_vsnodes_deaths: 0.
num_space_committed: 1064.
num_space_uncommitted: 0.
num_chunks_returned_to_freelist: 6.
num_chunks_taken_from_freelist: 5733.
num_chunk_merges: 3.
num_chunk_splits: 3710.
num_chunks_enlarged: 2292.
num_inconsistent_stats: 0.

CodeHeap 'non-profiled nmethods': size=120000Kb used=3057Kb max_used=3057Kb free=116942Kb
 bounds [0x000001fc87ad0000, 0x000001fc87dd0000, 0x000001fc8f000000]
CodeHeap 'profiled nmethods': size=120000Kb used=9978Kb max_used=9978Kb free=110021Kb
 bounds [0x000001fc80000000, 0x000001fc809c0000, 0x000001fc87530000]
CodeHeap 'non-nmethods': size=5760Kb used=2742Kb max_used=2761Kb free=3017Kb
 bounds [0x000001fc87530000, 0x000001fc877f0000, 0x000001fc87ad0000]
 total_blobs=6253 nmethods=5368 adapters=788
 compilation: enabled
              stopped_count=0, restarted_count=0
 full_count=0

Compilation events (20 events):
Event: 28.249 Thread 0x000001fcfd119590 6287       3       org.antlr.v4.runtime.Parser::getCurrentToken (11 bytes)
Event: 28.249 Thread 0x000001fcfd119590 nmethod 6287 0x000001fc809b7310 code [0x000001fc809b74c0, 0x000001fc809b7698]
Event: 28.249 Thread 0x000001fcfd119590 6285       3       org.antlr.v4.runtime.CodePointCharStream::consume (56 bytes)
Event: 28.249 Thread 0x000001fcfd119590 nmethod 6285 0x000001fc809b7790 code [0x000001fc809b7940, 0x000001fc809b7b70]
Event: 28.250 Thread 0x000001fcfd119590 6288       3       org.antlr.v4.runtime.Parser::addContextToParseTree (25 bytes)
Event: 28.250 Thread 0x000001fcfd119590 nmethod 6288 0x000001fc809b7c90 code [0x000001fc809b7ea0, 0x000001fc809b8610]
Event: 28.250 Thread 0x000001fcfd119590 6293       3       org.antlr.v4.runtime.BufferedTokenStream::previousTokenOnChannel (69 bytes)
Event: 28.250 Thread 0x000001fcfd119590 nmethod 6293 0x000001fc809b8890 code [0x000001fc809b8ac0, 0x000001fc809b93c0]
Event: 28.250 Thread 0x000001fcfd119590 6289       3       org.antlr.v4.runtime.Parser::enterOuterAlt (51 bytes)
Event: 28.251 Thread 0x000001fcfd119590 nmethod 6289 0x000001fc809b9690 code [0x000001fc809b98e0, 0x000001fc809ba4a0]
Event: 28.251 Thread 0x000001fcfd119590 6294       3       org.antlr.v4.runtime.BufferedTokenStream::fetch (89 bytes)
Event: 28.251 Thread 0x000001fcfd119590 nmethod 6294 0x000001fc809ba810 code [0x000001fc809baa40, 0x000001fc809bb230]
Event: 28.251 Thread 0x000001fcfd119590 6298       3       org.antlr.v4.runtime.atn.LexerATNSimulator::execATN (131 bytes)
Event: 29.277 Thread 0x000001fcfd119590 nmethod 6298 0x000001fc809bb490 code [0x000001fc809bb6e0, 0x000001fc809bc088]
Event: 29.277 Thread 0x000001fcfd119590 6312   !   3       org.antlr.v4.runtime.atn.LexerActionExecutor::execute (166 bytes)
Event: 29.277 Thread 0x000001fcfd590990 6205   !   4       java.net.URLClassLoader$1::run (81 bytes)
Event: 29.278 Thread 0x000001fcfd119590 nmethod 6312 0x000001fc809bc490 code [0x000001fc809bc6e0, 0x000001fc809bd468]
Event: 29.278 Thread 0x000001fcfd119590 6315       3       org.antlr.v4.runtime.BufferedTokenStream::nextTokenOnChannel (85 bytes)
Event: 29.279 Thread 0x000001fcfd119590 nmethod 6315 0x000001fc809bd990 code [0x000001fc809bdc00, 0x000001fc809be760]
Event: 29.279 Thread 0x000001fcfd119590 6295   !   3       org.antlr.v4.runtime.Lexer::nextToken (249 bytes)

GC Heap History (20 events):
Event: 18.036 GC heap before
{Heap before GC invocations=10 (full 0):
 garbage-first heap   total 83968K, used 72598K [0x0000000080000000, 0x0000000100000000)
  region size 1024K, 30 young (30720K), 3 survivors (3072K)
 Metaspace       used 42383K, committed 43648K, reserved 1114112K
  class space    used 5870K, committed 6528K, reserved 1048576K
}
Event: 18.040 GC heap after
{Heap after GC invocations=11 (full 0):
 garbage-first heap   total 83968K, used 46360K [0x0000000080000000, 0x0000000100000000)
  region size 1024K, 4 young (4096K), 4 survivors (4096K)
 Metaspace       used 42383K, committed 43648K, reserved 1114112K
  class space    used 5870K, committed 6528K, reserved 1048576K
}
Event: 18.692 GC heap before
{Heap before GC invocations=11 (full 0):
 garbage-first heap   total 83968K, used 72984K [0x0000000080000000, 0x0000000100000000)
  region size 1024K, 31 young (31744K), 4 survivors (4096K)
 Metaspace       used 48281K, committed 49600K, reserved 1114112K
  class space    used 6584K, committed 7232K, reserved 1048576K
}
Event: 18.697 GC heap after
{Heap after GC invocations=12 (full 0):
 garbage-first heap   total 83968K, used 49511K [0x0000000080000000, 0x0000000100000000)
  region size 1024K, 4 young (4096K), 4 survivors (4096K)
 Metaspace       used 48281K, committed 49600K, reserved 1114112K
  class space    used 6584K, committed 7232K, reserved 1048576K
}
Event: 18.927 GC heap before
{Heap before GC invocations=13 (full 0):
 garbage-first heap   total 83968K, used 74087K [0x0000000080000000, 0x0000000100000000)
  region size 1024K, 28 young (28672K), 4 survivors (4096K)
 Metaspace       used 49231K, committed 50560K, reserved 1114112K
  class space    used 6657K, committed 7296K, reserved 1048576K
}
Event: 18.932 GC heap after
{Heap after GC invocations=14 (full 0):
 garbage-first heap   total 83968K, used 52049K [0x0000000080000000, 0x0000000100000000)
  region size 1024K, 3 young (3072K), 3 survivors (3072K)
 Metaspace       used 49231K, committed 50560K, reserved 1114112K
  class space    used 6657K, committed 7296K, reserved 1048576K
}
Event: 19.472 GC heap before
{Heap before GC invocations=14 (full 0):
 garbage-first heap   total 83968K, used 78673K [0x0000000080000000, 0x0000000100000000)
  region size 1024K, 25 young (25600K), 3 survivors (3072K)
 Metaspace       used 52352K, committed 53760K, reserved 1114112K
  class space    used 7003K, committed 7680K, reserved 1048576K
}
Event: 19.477 GC heap after
{Heap after GC invocations=15 (full 0):
 garbage-first heap   total 86016K, used 53148K [0x0000000080000000, 0x0000000100000000)
  region size 1024K, 4 young (4096K), 4 survivors (4096K)
 Metaspace       used 52352K, committed 53760K, reserved 1114112K
  class space    used 7003K, committed 7680K, reserved 1048576K
}
Event: 19.906 GC heap before
{Heap before GC invocations=15 (full 0):
 garbage-first heap   total 86016K, used 75676K [0x0000000080000000, 0x0000000100000000)
  region size 1024K, 26 young (26624K), 4 survivors (4096K)
 Metaspace       used 55050K, committed 56576K, reserved 1114112K
  class space    used 7444K, committed 8192K, reserved 1048576K
}
Event: 19.911 GC heap after
{Heap after GC invocations=16 (full 0):
 garbage-first heap   total 86016K, used 54363K [0x0000000080000000, 0x0000000100000000)
  region size 1024K, 4 young (4096K), 4 survivors (4096K)
 Metaspace       used 55050K, committed 56576K, reserved 1114112K
  class space    used 7444K, committed 8192K, reserved 1048576K
}
Event: 20.492 GC heap before
{Heap before GC invocations=17 (full 0):
 garbage-first heap   total 92160K, used 76891K [0x0000000080000000, 0x0000000100000000)
  region size 1024K, 25 young (25600K), 4 survivors (4096K)
 Metaspace       used 56451K, committed 57984K, reserved 1114112K
  class space    used 7676K, committed 8448K, reserved 1048576K
}
Event: 20.497 GC heap after
{Heap after GC invocations=18 (full 0):
 garbage-first heap   total 92160K, used 60518K [0x0000000080000000, 0x0000000100000000)
  region size 1024K, 4 young (4096K), 4 survivors (4096K)
 Metaspace       used 56451K, committed 57984K, reserved 1114112K
  class space    used 7676K, committed 8448K, reserved 1048576K
}
Event: 20.898 GC heap before
{Heap before GC invocations=18 (full 0):
 garbage-first heap   total 98304K, used 92262K [0x0000000080000000, 0x0000000100000000)
  region size 1024K, 24 young (24576K), 4 survivors (4096K)
 Metaspace       used 57437K, committed 59072K, reserved 1114112K
  class space    used 7770K, committed 8576K, reserved 1048576K
}
Event: 20.906 GC heap after
{Heap after GC invocations=19 (full 0):
 garbage-first heap   total 124928K, used 77273K [0x0000000080000000, 0x0000000100000000)
  region size 1024K, 3 young (3072K), 3 survivors (3072K)
 Metaspace       used 57437K, committed 59072K, reserved 1114112K
  class space    used 7770K, committed 8576K, reserved 1048576K
}
Event: 20.907 GC heap before
{Heap before GC invocations=19 (full 0):
 garbage-first heap   total 124928K, used 77273K [0x0000000080000000, 0x0000000100000000)
  region size 1024K, 4 young (4096K), 3 survivors (3072K)
 Metaspace       used 57437K, committed 59072K, reserved 1114112K
  class space    used 7770K, committed 8576K, reserved 1048576K
}
Event: 20.910 GC heap after
{Heap after GC invocations=20 (full 0):
 garbage-first heap   total 124928K, used 77828K [0x0000000080000000, 0x0000000100000000)
  region size 1024K, 1 young (1024K), 1 survivors (1024K)
 Metaspace       used 57437K, committed 59072K, reserved 1114112K
  class space    used 7770K, committed 8576K, reserved 1048576K
}
Event: 21.119 GC heap before
{Heap before GC invocations=21 (full 0):
 garbage-first heap   total 135168K, used 105476K [0x0000000080000000, 0x0000000100000000)
  region size 1024K, 26 young (26624K), 1 survivors (1024K)
 Metaspace       used 58985K, committed 60608K, reserved 1114112K
  class space    used 7892K, committed 8704K, reserved 1048576K
}
Event: 21.122 GC heap after
{Heap after GC invocations=22 (full 0):
 garbage-first heap   total 135168K, used 77718K [0x0000000080000000, 0x0000000100000000)
  region size 1024K, 1 young (1024K), 1 survivors (1024K)
 Metaspace       used 58985K, committed 60608K, reserved 1114112K
  class space    used 7892K, committed 8704K, reserved 1048576K
}
Event: 22.717 GC heap before
{Heap before GC invocations=22 (full 0):
 garbage-first heap   total 135168K, used 111510K [0x0000000080000000, 0x0000000100000000)
  region size 1024K, 35 young (35840K), 1 survivors (1024K)
 Metaspace       used 63031K, committed 64704K, reserved 1114112K
  class space    used 8452K, committed 9280K, reserved 1048576K
}
Event: 22.722 GC heap after
{Heap after GC invocations=23 (full 0):
 garbage-first heap   total 135168K, used 78659K [0x0000000080000000, 0x0000000100000000)
  region size 1024K, 3 young (3072K), 3 survivors (3072K)
 Metaspace       used 63031K, committed 64704K, reserved 1114112K
  class space    used 8452K, committed 9280K, reserved 1048576K
}

Dll operation events (3 events):
Event: 0.020 Loaded shared library C:\Program Files\Android\Android Studio1\jbr\bin\java.dll
Event: 0.405 Loaded shared library C:\Program Files\Android\Android Studio1\jbr\bin\zip.dll
Event: 2.396 Loaded shared library C:\Program Files\Android\Android Studio1\jbr\bin\verify.dll

Deoptimization events (20 events):
Event: 23.961 Thread 0x000001fcfee972f0 Uncommon trap: trap_request=0xffffff45 fr.pc=0x000001fc87b5c934 relative=0x00000000000001f4
Event: 23.961 Thread 0x000001fcfee972f0 Uncommon trap: reason=unstable_if action=reinterpret pc=0x000001fc87b5c934 method=java.net.URI$Parser.scan(IILjava/lang/String;)I @ 26 c2
Event: 23.961 Thread 0x000001fcfee972f0 DEOPT PACKING pc=0x000001fc87b5c934 sp=0x000000dd638f9350
Event: 23.961 Thread 0x000001fcfee972f0 DEOPT UNPACKING pc=0x000001fc875846a2 sp=0x000000dd638f92e0 mode 2
Event: 23.961 Thread 0x000001fcfee972f0 Uncommon trap: trap_request=0xffffff45 fr.pc=0x000001fc87cc799c relative=0x000000000000013c
Event: 23.961 Thread 0x000001fcfee972f0 Uncommon trap: reason=unstable_if action=reinterpret pc=0x000001fc87cc799c method=java.net.URI.match(CJJ)Z @ 45 c2
Event: 23.961 Thread 0x000001fcfee972f0 DEOPT PACKING pc=0x000001fc87cc799c sp=0x000000dd638f90c0
Event: 23.961 Thread 0x000001fcfee972f0 DEOPT UNPACKING pc=0x000001fc875846a2 sp=0x000000dd638f8fe8 mode 2
Event: 23.965 Thread 0x000001fcfee972f0 Uncommon trap: trap_request=0xffffff45 fr.pc=0x000001fc87cc0a50 relative=0x00000000000000b0
Event: 23.965 Thread 0x000001fcfee972f0 Uncommon trap: reason=unstable_if action=reinterpret pc=0x000001fc87cc0a50 method=java.net.URI.match(CJJ)Z @ 45 c2
Event: 23.965 Thread 0x000001fcfee972f0 DEOPT PACKING pc=0x000001fc87cc0a50 sp=0x000000dd638f9050
Event: 23.965 Thread 0x000001fcfee972f0 DEOPT UNPACKING pc=0x000001fc875846a2 sp=0x000000dd638f8fe0 mode 2
Event: 25.051 Thread 0x000001fcfee972f0 Uncommon trap: trap_request=0xffffffc6 fr.pc=0x000001fc87d1294c relative=0x000000000000026c
Event: 25.051 Thread 0x000001fcfee972f0 Uncommon trap: reason=bimorphic_or_optimized_type_check action=maybe_recompile pc=0x000001fc87d1294c method=java.util.Spliterators$IteratorSpliterator.tryAdvance(Ljava/util/function/Consumer;)Z @ 50 c2
Event: 25.051 Thread 0x000001fcfee972f0 DEOPT PACKING pc=0x000001fc87d1294c sp=0x000000dd638fa790
Event: 25.051 Thread 0x000001fcfee972f0 DEOPT UNPACKING pc=0x000001fc875846a2 sp=0x000000dd638fa730 mode 2
Event: 25.063 Thread 0x000001fcfee972f0 Uncommon trap: trap_request=0xffffff45 fr.pc=0x000001fc87d0afd8 relative=0x0000000000000bf8
Event: 25.063 Thread 0x000001fcfee972f0 Uncommon trap: reason=unstable_if action=reinterpret pc=0x000001fc87d0afd8 method=java.io.BufferedInputStream.implRead([BII)I @ 55 c2
Event: 25.063 Thread 0x000001fcfee972f0 DEOPT PACKING pc=0x000001fc87d0afd8 sp=0x000000dd638fa240
Event: 25.063 Thread 0x000001fcfee972f0 DEOPT UNPACKING pc=0x000001fc875846a2 sp=0x000000dd638fa1a8 mode 2

Classes loaded (20 events):
Event: 23.984 Loading class javax/net/ssl/X509TrustManager
Event: 23.984 Loading class javax/net/ssl/X509TrustManager done
Event: 23.987 Loading class javax/net/ssl/SSLPeerUnverifiedException
Event: 23.987 Loading class javax/net/ssl/SSLException
Event: 23.987 Loading class javax/net/ssl/SSLException done
Event: 23.987 Loading class javax/net/ssl/SSLPeerUnverifiedException done
Event: 23.987 Loading class java/security/cert/CertificateParsingException
Event: 23.987 Loading class java/security/cert/CertificateException
Event: 23.987 Loading class java/security/cert/CertificateException done
Event: 23.987 Loading class java/security/cert/CertificateParsingException done
Event: 23.987 Loading class javax/naming/NamingException
Event: 23.988 Loading class javax/naming/NamingException done
Event: 23.988 Loading class javax/naming/InvalidNameException
Event: 23.988 Loading class javax/naming/InvalidNameException done
Event: 25.059 Loading class java/nio/channels/Channels$ReadableByteChannelImpl
Event: 25.059 Loading class java/nio/channels/Channels$ReadableByteChannelImpl done
Event: 25.073 Loading class java/util/EmptyStackException
Event: 25.073 Loading class java/util/EmptyStackException done
Event: 25.082 Loading class java/io/InvalidClassException
Event: 25.083 Loading class java/io/InvalidClassException done

Classes unloaded (0 events):
No events

Classes redefined (0 events):
No events

Internal exceptions (20 events):
Event: 20.733 Thread 0x000001fcfee972f0 Exception <a 'java/lang/ClassNotFoundException'{0x0000000084dd5e70}: org/gradle/internal/extensibility/DefaultConventionCustomizer> (0x0000000084dd5e70) 
thrown [s\src\hotspot\share\classfile\systemDictionary.cpp, line 312]
Event: 20.750 Thread 0x000001fcfee972f0 Exception <a 'java/lang/ClassNotFoundException'{0x0000000084c6dc10}: com/intellij/gradle/toolingExtension/impl/modelBuilder/ExtraModelBuilderBeanInfo> (0x0000000084c6dc10) 
thrown [s\src\hotspot\share\classfile\systemDictionary.cpp, line 312]
Event: 20.751 Thread 0x000001fcfee972f0 Exception <a 'java/lang/ClassNotFoundException'{0x0000000084c79690}: com/intellij/gradle/toolingExtension/impl/modelBuilder/ExtraModelBuilderCustomizer> (0x0000000084c79690) 
thrown [s\src\hotspot\share\classfile\systemDictionary.cpp, line 312]
Event: 20.999 Thread 0x000001fcfee972f0 Exception <a 'java/lang/IncompatibleClassChangeError'{0x000000008c278cc0}: Found class java.lang.Object, but interface was expected> (0x000000008c278cc0) 
thrown [s\src\hotspot\share\interpreter\linkResolver.cpp, line 851]
Event: 21.005 Thread 0x000001fcfee972f0 Exception <a 'sun/nio/fs/WindowsException'{0x000000008c2b76c8}> (0x000000008c2b76c8) 
thrown [s\src\hotspot\share\prims\jni.cpp, line 535]
Event: 21.006 Thread 0x000001fcfee972f0 Exception <a 'sun/nio/fs/WindowsException'{0x000000008c2b8e88}> (0x000000008c2b8e88) 
thrown [s\src\hotspot\share\prims\jni.cpp, line 535]
Event: 21.006 Thread 0x000001fcfee972f0 Exception <a 'sun/nio/fs/WindowsException'{0x000000008c2ba608}> (0x000000008c2ba608) 
thrown [s\src\hotspot\share\prims\jni.cpp, line 535]
Event: 21.007 Thread 0x000001fcfee972f0 Exception <a 'sun/nio/fs/WindowsException'{0x000000008c2bbd98}> (0x000000008c2bbd98) 
thrown [s\src\hotspot\share\prims\jni.cpp, line 535]
Event: 21.010 Thread 0x000001fcfee972f0 Exception <a 'java/lang/NoSuchMethodError'{0x000000008c2ccd48}: 'java.lang.Object java.lang.invoke.Invokers$Holder.invoker(java.lang.Object, java.lang.Object, java.lang.Object, java.lang.Object, java.lang.Object, java.lang.Object)'> (0x000000008c2ccd48) 
thrown [s\src\hotspot\share\interpreter\linkResolver.cpp, line 784]
Event: 21.032 Thread 0x000001fcfee972f0 Exception <a 'java/lang/NoSuchMethodError'{0x000000008c1cb4b0}: 'java.lang.Object java.lang.invoke.Invokers$Holder.invoker(java.lang.Object, java.lang.Object, java.lang.Object, java.lang.Object, java.lang.Object, java.lang.Object, java.lang.Object, java.lang.Object, java.lang.Object, java.lang.Object, java.lang.Object, java.lang.Object, java.lang.Object, java.lang.Object, java.lang.Object, java.lang.Object, java.lang.Object, java.lang.Object, java.lang.Object, java.lang.Object, java.lang.Object, java.lang.
Event: 21.033 Thread 0x000001fcfee972f0 Exception <a 'java/lang/NoSuchMethodError'{0x000000008c1d20b0}: 'java.lang.Object java.lang.invoke.DelegatingMethodHandle$Holder.delegate(java.lang.Object, java.lang.Object, java.lang.Object, java.lang.Object, java.lang.Object, java.lang.Object, java.lang.Object, java.lang.Object, java.lang.Object, java.lang.Object, java.lang.Object, java.lang.Object, java.lang.Object, java.lang.Object, java.lang.Object, java.lang.Object, java.lang.Object, java.lang.Object, java.lang.Object, java.lang.Object, java.lang.Obj
Event: 21.356 Thread 0x000001fcfee972f0 Exception <a 'java/lang/IncompatibleClassChangeError'{0x0000000087009528}: Found class java.lang.Object, but interface was expected> (0x0000000087009528) 
thrown [s\src\hotspot\share\interpreter\linkResolver.cpp, line 851]
Event: 23.938 Thread 0x000001fcfef74ed0 Exception <a 'java/lang/NoSuchMethodError'{0x000000008be94d78}: static Lorg/gradle/internal/build/event/types/DefaultOperationStartedProgressEvent;.<clinit>()V> (0x000000008be94d78) 
thrown [s\src\hotspot\share\prims\jni.cpp, line 1135]
Event: 23.938 Thread 0x000001fcfef74ed0 Exception <a 'java/lang/NoSuchMethodError'{0x000000008be96698}: static Lorg/gradle/internal/build/event/types/AbstractProgressEvent;.<clinit>()V> (0x000000008be96698) 
thrown [s\src\hotspot\share\prims\jni.cpp, line 1135]
Event: 23.940 Thread 0x000001fcfef74ed0 Exception <a 'java/lang/NoSuchMethodError'{0x000000008bd04b38}: static Lorg/gradle/internal/build/event/types/DefaultBuildPhaseDescriptor;.<clinit>()V> (0x000000008bd04b38) 
thrown [s\src\hotspot\share\prims\jni.cpp, line 1135]
Event: 23.940 Thread 0x000001fcfef74ed0 Exception <a 'java/lang/NoSuchMethodError'{0x000000008bd08700}: static Lorg/gradle/internal/build/event/types/DefaultOperationDescriptor;.<clinit>()V> (0x000000008bd08700) 
thrown [s\src\hotspot\share\prims\jni.cpp, line 1135]
Event: 23.942 Thread 0x000001fcfef74ed0 Exception <a 'java/lang/NoSuchMethodError'{0x000000008bd23c00}: static Lorg/gradle/internal/operations/OperationIdentifier;.<clinit>()V> (0x000000008bd23c00) 
thrown [s\src\hotspot\share\prims\jni.cpp, line 1135]
Event: 25.048 Thread 0x000001fcfee972f0 Exception <a 'sun/nio/fs/WindowsException'{0x0000000086f13be0}> (0x0000000086f13be0) 
thrown [s\src\hotspot\share\prims\jni.cpp, line 535]
Event: 25.049 Thread 0x000001fcfee972f0 Exception <a 'sun/nio/fs/WindowsException'{0x0000000086f152e0}> (0x0000000086f152e0) 
thrown [s\src\hotspot\share\prims\jni.cpp, line 535]
Event: 25.050 Thread 0x000001fcfee972f0 Exception <a 'sun/nio/fs/WindowsException'{0x0000000086f225d8}> (0x0000000086f225d8) 
thrown [s\src\hotspot\share\prims\jni.cpp, line 535]

ZGC Phase Switch (0 events):
No events

VM Operations (20 events):
Event: 20.949 Executing VM operation: G1PauseRemark
Event: 20.952 Executing VM operation: G1PauseRemark done
Event: 20.971 Executing VM operation: G1PauseCleanup
Event: 20.971 Executing VM operation: G1PauseCleanup done
Event: 21.119 Executing VM operation: G1CollectForAllocation (G1 Evacuation Pause)
Event: 21.122 Executing VM operation: G1CollectForAllocation (G1 Evacuation Pause) done
Event: 22.136 Executing VM operation: Cleanup
Event: 22.664 Executing VM operation: Cleanup done
Event: 22.717 Executing VM operation: G1CollectForAllocation (G1 Evacuation Pause)
Event: 22.722 Executing VM operation: G1CollectForAllocation (G1 Evacuation Pause) done
Event: 23.728 Executing VM operation: Cleanup
Event: 23.853 Executing VM operation: Cleanup done
Event: 23.911 Executing VM operation: HandshakeAllThreads (Deoptimize)
Event: 23.911 Executing VM operation: HandshakeAllThreads (Deoptimize) done
Event: 24.913 Executing VM operation: Cleanup
Event: 25.037 Executing VM operation: Cleanup done
Event: 26.050 Executing VM operation: Cleanup
Event: 26.207 Executing VM operation: Cleanup done
Event: 29.245 Executing VM operation: Cleanup
Event: 29.277 Executing VM operation: Cleanup done

Memory protections (0 events):
No events

Nmethod flushes (20 events):
Event: 20.952 Thread 0x000001fcfd087c20 flushing  nmethod 0x000001fc8073c790
Event: 20.952 Thread 0x000001fcfd087c20 flushing  nmethod 0x000001fc87b99a10
Event: 20.952 Thread 0x000001fcfd087c20 flushing  nmethod 0x000001fc87b9a090
Event: 20.952 Thread 0x000001fcfd087c20 flushing  nmethod 0x000001fc80067890
Event: 20.952 Thread 0x000001fcfd087c20 flushing  nmethod 0x000001fc8014e010
Event: 20.952 Thread 0x000001fcfd087c20 flushing  nmethod 0x000001fc80189310
Event: 20.952 Thread 0x000001fcfd087c20 flushing  nmethod 0x000001fc80189e10
Event: 20.952 Thread 0x000001fcfd087c20 flushing  nmethod 0x000001fc801ddc10
Event: 20.952 Thread 0x000001fcfd087c20 flushing  nmethod 0x000001fc801e1790
Event: 20.952 Thread 0x000001fcfd087c20 flushing  nmethod 0x000001fc801e3010
Event: 20.952 Thread 0x000001fcfd087c20 flushing  nmethod 0x000001fc8023e710
Event: 20.952 Thread 0x000001fcfd087c20 flushing  nmethod 0x000001fc80462e90
Event: 20.952 Thread 0x000001fcfd087c20 flushing  nmethod 0x000001fc804ce390
Event: 20.952 Thread 0x000001fcfd087c20 flushing  nmethod 0x000001fc804ced90
Event: 20.952 Thread 0x000001fcfd087c20 flushing  nmethod 0x000001fc8062b090
Event: 20.952 Thread 0x000001fcfd087c20 flushing  nmethod 0x000001fc80643610
Event: 20.952 Thread 0x000001fcfd087c20 flushing  nmethod 0x000001fc806b8a90
Event: 20.952 Thread 0x000001fcfd087c20 flushing  nmethod 0x000001fc80705e10
Event: 20.952 Thread 0x000001fcfd087c20 flushing  nmethod 0x000001fc80707c90
Event: 20.952 Thread 0x000001fcfd087c20 flushing  nmethod 0x000001fc80764090

Events (20 events):
Event: 20.082 Thread 0x000001fcfee972f0 Thread added: 0x000001fc90723aa0
Event: 20.132 Thread 0x000001fcfee972f0 Thread added: 0x000001fc90720620
Event: 20.133 Thread 0x000001fcfee972f0 Thread added: 0x000001fc907226f0
Event: 20.403 Thread 0x000001fcfee972f0 Thread added: 0x000001fc907247c0
Event: 20.404 Thread 0x000001fcfee972f0 Thread added: 0x000001fc90721340
Event: 20.405 Thread 0x000001fcfee972f0 Thread added: 0x000001fc90724e50
Event: 20.406 Thread 0x000001fcfee972f0 Thread added: 0x000001fc907219d0
Event: 20.407 Thread 0x000001fcfee972f0 Thread added: 0x000001fc90725b70
Event: 20.408 Thread 0x000001fcfee972f0 Thread added: 0x000001fc90726890
Event: 20.410 Thread 0x000001fcfee972f0 Thread added: 0x000001fc907254e0
Event: 20.446 Thread 0x000001fcfee972f0 Thread added: 0x000001fc90726200
Event: 20.447 Thread 0x000001fcfee972f0 Thread added: 0x000001fc90726f20
Event: 20.448 Thread 0x000001fcfee972f0 Thread added: 0x000001fc907275b0
Event: 20.449 Thread 0x000001fcfee972f0 Thread added: 0x000001fcff95dde0
Event: 20.450 Thread 0x000001fcfee972f0 Thread added: 0x000001fcff95e470
Event: 20.451 Thread 0x000001fcfee972f0 Thread added: 0x000001fcff95c3a0
Event: 20.452 Thread 0x000001fcfee972f0 Thread added: 0x000001fcff95eb00
Event: 24.464 Thread 0x000001fcfede8100 Thread exited: 0x000001fcfede8100
Event: 25.173 Thread 0x000001fcfd119590 Thread added: 0x000001fcffa51450
Event: 29.277 Thread 0x000001fcfd119590 Thread added: 0x000001fcfd590990


Dynamic libraries:
0x00007ff7d8000000 - 0x00007ff7d800a000 	C:\Program Files\Android\Android Studio1\jbr\bin\java.exe
0x00007fff4e400000 - 0x00007fff4e660000 	C:\WINDOWS\SYSTEM32\ntdll.dll
0x00007fff4d750000 - 0x00007fff4d817000 	C:\WINDOWS\System32\KERNEL32.DLL
0x00007fff4b6a0000 - 0x00007fff4ba6a000 	C:\WINDOWS\System32\KERNELBASE.dll
0x00007fff4c0b0000 - 0x00007fff4c1fb000 	C:\WINDOWS\System32\ucrtbase.dll
0x00007fff37c00000 - 0x00007fff37c1b000 	C:\Program Files\Android\Android Studio1\jbr\bin\VCRUNTIME140.dll
0x00007fff41c70000 - 0x00007fff41c88000 	C:\Program Files\Android\Android Studio1\jbr\bin\jli.dll
0x00007fff4c9d0000 - 0x00007fff4cb9c000 	C:\WINDOWS\System32\USER32.dll
0x00007fff4c080000 - 0x00007fff4c0a7000 	C:\WINDOWS\System32\win32u.dll
0x00007fff34440000 - 0x00007fff346d7000 	C:\WINDOWS\WinSxS\amd64_microsoft.windows.common-controls_6595b64144ccf1df_6.0.26100.3624_none_3e086962e3345f24\COMCTL32.dll
0x00007fff4d030000 - 0x00007fff4d05a000 	C:\WINDOWS\System32\GDI32.dll
0x00007fff4ce80000 - 0x00007fff4cf29000 	C:\WINDOWS\System32\msvcrt.dll
0x00007fff4bf40000 - 0x00007fff4c071000 	C:\WINDOWS\System32\gdi32full.dll
0x00007fff4bc70000 - 0x00007fff4bd13000 	C:\WINDOWS\System32\msvcp_win.dll
0x00007fff4cd80000 - 0x00007fff4cdaf000 	C:\WINDOWS\System32\IMM32.DLL
0x00007fff465a0000 - 0x00007fff465ac000 	C:\Program Files\Android\Android Studio1\jbr\bin\vcruntime140_1.dll
0x00007fff26ef0000 - 0x00007fff26f7d000 	C:\Program Files\Android\Android Studio1\jbr\bin\msvcp140.dll
0x00007ffeb6970000 - 0x00007ffeb75fb000 	C:\Program Files\Android\Android Studio1\jbr\bin\server\jvm.dll
0x00007fff4cdc0000 - 0x00007fff4ce72000 	C:\WINDOWS\System32\ADVAPI32.dll
0x00007fff4cbb0000 - 0x00007fff4cc56000 	C:\WINDOWS\System32\sechost.dll
0x00007fff4cc60000 - 0x00007fff4cd76000 	C:\WINDOWS\System32\RPCRT4.dll
0x00007fff4c220000 - 0x00007fff4c294000 	C:\WINDOWS\System32\WS2_32.dll
0x00007fff4b450000 - 0x00007fff4b4ae000 	C:\WINDOWS\SYSTEM32\POWRPROF.dll
0x00007fff44340000 - 0x00007fff4434b000 	C:\WINDOWS\SYSTEM32\VERSION.dll
0x00007fff44300000 - 0x00007fff44336000 	C:\WINDOWS\SYSTEM32\WINMM.dll
0x00007fff4b430000 - 0x00007fff4b444000 	C:\WINDOWS\SYSTEM32\UMPDC.dll
0x00007fff4a3f0000 - 0x00007fff4a40a000 	C:\WINDOWS\SYSTEM32\kernel.appcore.dll
0x00007fff45710000 - 0x00007fff4571a000 	C:\Program Files\Android\Android Studio1\jbr\bin\jimage.dll
0x00007fff40bc0000 - 0x00007fff40e01000 	C:\WINDOWS\SYSTEM32\DBGHELP.DLL
0x00007fff4db90000 - 0x00007fff4df12000 	C:\WINDOWS\System32\combase.dll
0x00007fff4d820000 - 0x00007fff4d8f6000 	C:\WINDOWS\System32\OLEAUT32.dll
0x00007fff334a0000 - 0x00007fff334d9000 	C:\WINDOWS\SYSTEM32\dbgcore.DLL
0x00007fff4bea0000 - 0x00007fff4bf39000 	C:\WINDOWS\System32\bcryptPrimitives.dll
0x00007fff46630000 - 0x00007fff4663e000 	C:\Program Files\Android\Android Studio1\jbr\bin\instrument.dll
0x00007fff36d00000 - 0x00007fff36d20000 	C:\Program Files\Android\Android Studio1\jbr\bin\java.dll
0x00007fff2ae50000 - 0x00007fff2ae68000 	C:\Program Files\Android\Android Studio1\jbr\bin\zip.dll
0x00007fff4c2a0000 - 0x00007fff4c9c9000 	C:\WINDOWS\System32\SHELL32.dll
0x00007fff4bb00000 - 0x00007fff4bc68000 	C:\WINDOWS\System32\wintypes.dll
0x00007fff49270000 - 0x00007fff49ac2000 	C:\WINDOWS\SYSTEM32\windows.storage.dll
0x00007fff4d150000 - 0x00007fff4d23d000 	C:\WINDOWS\System32\SHCORE.dll
0x00007fff4d0e0000 - 0x00007fff4d144000 	C:\WINDOWS\System32\shlwapi.dll
0x00007fff4b4f0000 - 0x00007fff4b51f000 	C:\WINDOWS\SYSTEM32\profapi.dll
0x00007fff36dd0000 - 0x00007fff36de0000 	C:\Program Files\Android\Android Studio1\jbr\bin\net.dll
0x00007fff44180000 - 0x00007fff4429d000 	C:\WINDOWS\SYSTEM32\WINHTTP.dll
0x00007fff4a910000 - 0x00007fff4a97a000 	C:\WINDOWS\system32\mswsock.dll
0x00007fff2ae30000 - 0x00007fff2ae46000 	C:\Program Files\Android\Android Studio1\jbr\bin\nio.dll
0x00007fff48560000 - 0x00007fff48570000 	C:\Program Files\Android\Android Studio1\jbr\bin\verify.dll
0x00007fff26f80000 - 0x00007fff26fa7000 	C:\Users\HARSH\.gradle\native\c067742578af261105cb4f569cf0c3c89f3d7b1fecec35dd04571415982c5e48\windows-amd64\native-platform.dll
0x00007ffebf710000 - 0x00007ffebf854000 	C:\Users\HARSH\.gradle\native\100fb08df4bc3b14c8652ba06237920a3bd2aa13389f12d3474272988ae205f9\windows-amd64\native-platform-file-events.dll
0x00007fff36420000 - 0x00007fff36429000 	C:\Program Files\Android\Android Studio1\jbr\bin\management.dll
0x00007fff31da0000 - 0x00007fff31dab000 	C:\Program Files\Android\Android Studio1\jbr\bin\management_ext.dll
0x00007fff4cba0000 - 0x00007fff4cba8000 	C:\WINDOWS\System32\PSAPI.DLL
0x00007fff4abb0000 - 0x00007fff4abcc000 	C:\WINDOWS\SYSTEM32\CRYPTSP.dll
0x00007fff4a350000 - 0x00007fff4a38a000 	C:\WINDOWS\system32\rsaenh.dll
0x00007fff4a9b0000 - 0x00007fff4a9db000 	C:\WINDOWS\SYSTEM32\USERENV.dll
0x00007fff4b4c0000 - 0x00007fff4b4e6000 	C:\WINDOWS\SYSTEM32\bcrypt.dll
0x00007fff4abd0000 - 0x00007fff4abdc000 	C:\WINDOWS\SYSTEM32\CRYPTBASE.dll
0x00007fff49e80000 - 0x00007fff49eb3000 	C:\WINDOWS\SYSTEM32\IPHLPAPI.DLL
0x00007fff4e3b0000 - 0x00007fff4e3ba000 	C:\WINDOWS\System32\NSI.dll
0x00007fff36cf0000 - 0x00007fff36cf9000 	C:\Program Files\Android\Android Studio1\jbr\bin\extnet.dll
0x00007fff48600000 - 0x00007fff48608000 	C:\WINDOWS\system32\wshunix.dll

dbghelp: loaded successfully - version: 4.0.5 - missing functions: none
symbol engine: initialized successfully - sym options: 0x614 - pdb path: .;C:\Program Files\Android\Android Studio1\jbr\bin;C:\WINDOWS\SYSTEM32;C:\WINDOWS\WinSxS\amd64_microsoft.windows.common-controls_6595b64144ccf1df_6.0.26100.3624_none_3e086962e3345f24;C:\Program Files\Android\Android Studio1\jbr\bin\server;C:\Users\HARSH\.gradle\native\c067742578af261105cb4f569cf0c3c89f3d7b1fecec35dd04571415982c5e48\windows-amd64;C:\Users\HARSH\.gradle\native\100fb08df4bc3b14c8652ba06237920a3bd2aa13389f12d3474272988ae205f9\windows-amd64

VM Arguments:
jvm_args: --add-opens=java.base/java.lang=ALL-UNNAMED --add-opens=java.base/java.lang.invoke=ALL-UNNAMED --add-opens=java.base/java.util=ALL-UNNAMED --add-opens=java.prefs/java.util.prefs=ALL-UNNAMED --add-exports=jdk.compiler/com.sun.tools.javac.api=ALL-UNNAMED --add-exports=jdk.compiler/com.sun.tools.javac.util=ALL-UNNAMED --add-opens=java.base/java.util=ALL-UNNAMED --add-opens=java.prefs/java.util.prefs=ALL-UNNAMED --add-opens=java.base/java.nio.charset=ALL-UNNAMED --add-opens=java.base/java.net=ALL-UNNAMED --add-opens=java.base/java.util.concurrent.atomic=ALL-UNNAMED --add-opens=java.xml/javax.xml.namespace=ALL-UNNAMED -Xmx2048m -Dfile.encoding=UTF-8 -Duser.country=IN -Duser.language=en -Duser.variant -javaagent:C:\Users\HARSH\.gradle\wrapper\dists\gradle-8.11.1-bin\bpt9gzteqjrbo1mjrsomdt32c\gradle-8.11.1\lib\agents\gradle-instrumentation-agent-8.11.1.jar 
java_command: org.gradle.launcher.daemon.bootstrap.GradleDaemon 8.11.1
java_class_path (initial): C:\Users\HARSH\.gradle\wrapper\dists\gradle-8.11.1-bin\bpt9gzteqjrbo1mjrsomdt32c\gradle-8.11.1\lib\gradle-daemon-main-8.11.1.jar
Launcher Type: SUN_STANDARD

[Global flags]
     intx CICompilerCount                          = 4                                         {product} {ergonomic}
     uint ConcGCThreads                            = 2                                         {product} {ergonomic}
     uint G1ConcRefinementThreads                  = 8                                         {product} {ergonomic}
   size_t G1HeapRegionSize                         = 1048576                                   {product} {ergonomic}
    uintx GCDrainStackTargetSize                   = 64                                        {product} {ergonomic}
   size_t InitialHeapSize                          = 234881024                                 {product} {ergonomic}
   size_t MarkStackSize                            = 4194304                                   {product} {ergonomic}
   size_t MaxHeapSize                              = 2147483648                                {product} {command line}
   size_t MaxNewSize                               = 1287651328                                {product} {ergonomic}
   size_t MinHeapDeltaBytes                        = 1048576                                   {product} {ergonomic}
   size_t MinHeapSize                              = 8388608                                   {product} {ergonomic}
    uintx NonNMethodCodeHeapSize                   = 5839372                                {pd product} {ergonomic}
    uintx NonProfiledCodeHeapSize                  = 122909434                              {pd product} {ergonomic}
    uintx ProfiledCodeHeapSize                     = 122909434                              {pd product} {ergonomic}
    uintx ReservedCodeCacheSize                    = 251658240                              {pd product} {ergonomic}
     bool SegmentedCodeCache                       = true                                      {product} {ergonomic}
   size_t SoftMaxHeapSize                          = 2147483648                             {manageable} {ergonomic}
     bool UseCompressedOops                        = true                           {product lp64_product} {ergonomic}
     bool UseG1GC                                  = true                                      {product} {ergonomic}
     bool UseLargePagesIndividualAllocation        = false                                  {pd product} {ergonomic}

Logging:
Log output configuration:
 #0: stdout all=warning uptime,level,tags foldmultilines=false
 #1: stderr all=off uptime,level,tags foldmultilines=false

Environment Variables:
JAVA_HOME=C:\Program Files\Android\Android Studio\jbr
PATH=C:\ffmpeg\bin;C:\Program Files\Common Files\Oracle\Java\javapath;C:\WINDOWS\system32;C:\WINDOWS;C:\WINDOWS\System32\Wbem;C:\WINDOWS\System32\WindowsPowerShell\v1.0\;C:\WINDOWS\System32\OpenSSH\;C:\MinGW\bin;C:\Program Files\Git\cmd;C:\Program Files\nodejs\;C:\Users\HARSH\AppData\Local\Microsoft\WindowsApps;C:\Users\HARSH\AppData\Local\Programs\Microsoft VS Code\bin;C:\Users\HARSH\AppData\Roaming\npm;C:\Users\HARSH\Downloads\jdk-21_windows-x64_bin.zip\jdk-21.0.1\bin;C:\Program Files\Java\jdk-21\bin;C:\Program Files\Docker\Docker\resources\bin;C:\WINDOWS\system32;C:\WINDOWS;C:\WINDOWS\System32\Wbem;C:\WINDOWS\System32\WindowsPowerShell\v1.0\;C:\WINDOWS\System32\OpenSSH\;C:\Program Files\Android\Android Studio\jbr\bin;C:\Users\HARSH\AppData\Local\Programs\Python\Python312\Scripts\;C:\Users\HARSH\AppData\Local\Programs\Python\Python312\;C:\Users\HARSH\AppData\Local\Programs\Python\Python313\Scripts\;C:\Users\HARSH\AppData\Local\Programs\Python\Python313\;C:\Users\HARSH\AppData\Local\Programs\Python\Python310\Scripts\;C:\Users\HARSH\AppData\Local\Programs\Python\Python310\;C:\Users\HARSH\AppData\Local\Microsoft\WindowsApps;C:\Users\HARSH\AppData\Local\Programs\Microsoft VS Code\bin;C:\Users\HARSH\AppData\Roaming\npm;C:\Users\HARSH\Downloads\jdk-21_windows-x64_bin.zip\jdk-21.0.1\bin;C:\Program Files\Java\jdk-21\bin;C:\Users\HARSH\AppData\Local\Programs\Python\Python313;
USERNAME=HARSH
OS=Windows_NT
PROCESSOR_IDENTIFIER=AMD64 Family 23 Model 24 Stepping 1, AuthenticAMD
TMP=C:\Users\HARSH\AppData\Local\Temp
TEMP=C:\Users\HARSH\AppData\Local\Temp




Periodic native trim disabled

JNI global refs:
JNI global refs: 27, weak refs: 45

JNI global refs memory usage: 835, weak refs: 833

Process memory usage:
Resident Set Size: 336200K (2% of 14594800K total physical memory with 5222436K free physical memory)

OOME stack traces (most recent first):
Classloader memory used:
Loader org.gradle.internal.classloader.VisitableURLClassLoader                         : 33857K
Loader bootstrap                                                                       : 22638K
Loader org.gradle.initialization.MixInLegacyTypesClassLoader                           : 7381K
Loader org.gradle.internal.classloader.VisitableURLClassLoader                         : 847K
Loader org.gradle.internal.classloader.VisitableURLClassLoader$InstrumentingVisitableURLClassLoader: 626K
Loader jdk.internal.loader.ClassLoaders$PlatformClassLoader                            : 509K
Loader jdk.internal.loader.ClassLoaders$AppClassLoader                                 : 234K
Loader jdk.internal.reflect.DelegatingClassLoader                                      : 184K
Loader org.gradle.groovy.scripts.internal.DefaultScriptCompilationHandler$ScriptClassLoader: 89680B
Loader org.codehaus.groovy.runtime.callsite.CallSiteClassLoader                        : 49592B

Classes loaded by more than one classloader:
Class org.gradle.api.GradleException                                                  : loaded 3 times (x 78B)
Class kotlin.NotImplementedError                                                      : loaded 2 times (x 78B)
Class org.gradle.internal.classloader.FilteringClassLoader                            : loaded 2 times (x 101B)
Class org.gradle.internal.classloader.ClassLoaderHierarchy                            : loaded 2 times (x 66B)
Class org.gradle.api.internal.classpath.ManifestUtil                                  : loaded 2 times (x 67B)
Class org.jetbrains.plugins.gradle.model.GradleExtensions                             : loaded 2 times (x 66B)
Class org.jetbrains.plugins.gradle.model.AnnotationProcessingModel                    : loaded 2 times (x 66B)
Class org.gradle.internal.operations.MultipleBuildOperationFailures                   : loaded 2 times (x 91B)
Class org.jetbrains.kotlin.idea.gradleTooling.model.noarg.NoArgModel                  : loaded 2 times (x 66B)
Class org.gradle.internal.classloader.DefaultClassLoaderFactory                       : loaded 2 times (x 78B)
Class kotlin.collections.AbstractList$Companion                                       : loaded 2 times (x 67B)
Class org.gradle.internal.classloader.ClassLoaderVisitor                              : loaded 2 times (x 72B)
Class org.gradle.api.internal.classpath.EffectiveClassPath                            : loaded 2 times (x 86B)
Class org.gradle.tooling.internal.gradle.DefaultProjectIdentifier                     : loaded 2 times (x 82B)
Class org.jetbrains.kotlin.idea.gradleTooling.model.allopen.AllOpenModel              : loaded 2 times (x 66B)
Class org.gradle.api.internal.DefaultClassPathProvider                                : loaded 2 times (x 72B)
Class [Lorg.gradle.api.internal.ClassPathProvider;                                    : loaded 2 times (x 65B)
Class org.gradle.api.internal.ClassPathProvider                                       : loaded 2 times (x 66B)
Class org.gradle.internal.service.UnknownServiceException                             : loaded 2 times (x 79B)
Class org.jetbrains.kotlin.idea.gradleTooling.KotlinDslScriptAdditionalTask           : loaded 2 times (x 66B)
Class ijInit2_2q86qlr1sfcpw6nerie68763                                                : loaded 2 times (x 175B)
Class org.gradle.internal.classpath.TransformedClassPath                              : loaded 2 times (x 92B)
Class org.gradle.internal.classloader.InstrumentingClassLoader                        : loaded 2 times (x 66B)
Class kotlin.enums.EnumEntriesList                                                    : loaded 2 times (x 219B)
Class org.jetbrains.kotlin.idea.gradleTooling.KotlinSourceSetContainer                : loaded 2 times (x 66B)
Class org.jetbrains.plugins.gradle.model.IntelliJSettings                             : loaded 2 times (x 66B)
Class org.gradle.internal.service.ServiceLocator                                      : loaded 2 times (x 66B)
Class org.jetbrains.kotlin.android.synthetic.idea.AndroidExtensionsGradleModel        : loaded 2 times (x 66B)
Class org.gradle.tooling.model.UnsupportedMethodException                             : loaded 2 times (x 78B)
Class org.gradle.internal.InternalTransformer                                         : loaded 2 times (x 66B)
Class org.gradle.internal.time.DefaultTimer                                           : loaded 2 times (x 76B)
Class org.gradle.internal.classloader.ClasspathUtil$1                                 : loaded 2 times (x 72B)
Class org.gradle.api.internal.classpath.DefaultModuleRegistry$DefaultModule           : loaded 2 times (x 82B)
Class org.jetbrains.kotlin.idea.gradleTooling.model.lombok.LombokModel                : loaded 2 times (x 66B)
Class org.gradle.internal.time.DefaultCountdownTimer                                  : loaded 2 times (x 84B)
Class org.gradle.tooling.internal.gradle.DefaultBuildIdentifier                       : loaded 2 times (x 75B)
Class kotlin.Function                                                                 : loaded 2 times (x 66B)
Class org.gradle.api.internal.classpath.Module                                        : loaded 2 times (x 66B)
Class org.gradle.api.internal.classpath.UnknownModuleException                        : loaded 2 times (x 78B)
Class com.intellij.openapi.externalSystem.model.project.dependencies.ProjectDependencies: loaded 2 times (x 66B)
Class org.gradle.tooling.internal.gradle.GradleProjectIdentity                        : loaded 2 times (x 66B)
Class org.gradle.api.internal.DefaultClassPathRegistry                                : loaded 2 times (x 72B)
Class org.gradle.api.internal.ClassPathRegistry                                       : loaded 2 times (x 66B)
Class org.gradle.internal.classpath.DefaultClassPath$ImmutableUniqueList              : loaded 2 times (x 195B)
Class Settings_gradle$1                                                               : loaded 2 times (x 70B)
Class Program                                                                         : loaded 2 times (x 68B)
Class org.gradle.internal.classpath.ClassPath                                         : loaded 2 times (x 66B)
Class org.gradle.api.UncheckedIOException                                             : loaded 2 times (x 78B)
Class org.jetbrains.kotlin.idea.gradleTooling.KotlinGradleModel                       : loaded 2 times (x 66B)
Class org.gradle.tooling.model.Model                                                  : loaded 2 times (x 66B)
Class kotlin.UninitializedPropertyAccessException                                     : loaded 2 times (x 78B)
Class org.jetbrains.kotlin.idea.gradleTooling.model.annotation.AnnotationBasedPluginModel: loaded 2 times (x 66B)
Class org.jetbrains.plugins.gradle.model.IntelliJProjectSettings                      : loaded 2 times (x 66B)
Class org.gradle.internal.installation.GradleInstallation$1                           : loaded 2 times (x 71B)
Class org.gradle.api.internal.classpath.ModuleRegistry                                : loaded 2 times (x 66B)
Class org.jetbrains.plugins.gradle.model.VersionCatalogsModel                         : loaded 2 times (x 66B)
Class org.gradle.api.internal.classpath.DefaultModuleRegistry                         : loaded 2 times (x 82B)
Class org.gradle.internal.time.MonotonicClock                                         : loaded 2 times (x 73B)
Class org.gradle.internal.service.ServiceLookupException                              : loaded 2 times (x 78B)
Class org.gradle.internal.classloader.ClassLoaderFactory                              : loaded 2 times (x 66B)
Class org.gradle.internal.service.CachingServiceLocator                               : loaded 2 times (x 78B)
Class org.jetbrains.plugins.gradle.model.RepositoryModels                             : loaded 2 times (x 66B)
Class org.gradle.internal.time.TimeSource                                             : loaded 2 times (x 66B)
Class org.gradle.tooling.internal.gradle.GradleBuildIdentity                          : loaded 2 times (x 66B)
Class kotlin.enums.EnumEntries                                                        : loaded 2 times (x 66B)
Class org.gradle.internal.exceptions.ResolutionProvider                               : loaded 2 times (x 66B)
Class org.gradle.tooling.model.ProjectIdentifier                                      : loaded 2 times (x 66B)
Class org.gradle.internal.classloader.ClasspathUtil                                   : loaded 2 times (x 67B)
Class org.gradle.internal.time.TimeSource$1                                           : loaded 2 times (x 73B)
Class kotlin.jvm.internal.DefaultConstructorMarker                                    : loaded 2 times (x 67B)
Class org.gradle.api.specs.Spec                                                       : loaded 2 times (x 66B)
Class org.gradle.internal.time.Clock                                                  : loaded 2 times (x 66B)
Class kotlin.collections.AbstractList                                                 : loaded 2 times (x 193B)
Class kotlin.collections.AbstractCollection                                           : loaded 2 times (x 113B)
Class org.gradle.internal.classloader.VisitableURLClassLoader$InstrumentingVisitableURLClassLoader: loaded 2 times (x 119B)
Class org.gradle.internal.classloader.VisitableURLClassLoader$Spec                    : loaded 2 times (x 70B)
Class org.gradle.internal.classpath.DefaultClassPath                                  : loaded 2 times (x 86B)
Class org.gradle.internal.classloader.ClassLoaderSpec                                 : loaded 2 times (x 67B)
Class Settings_gradle$1$1                                                             : loaded 2 times (x 70B)
Class kotlin.Unit                                                                     : loaded 2 times (x 67B)
Class org.gradle.internal.classloader.VisitableURLClassLoader                         : loaded 2 times (x 113B)
Class Settings_gradle                                                                 : loaded 2 times (x 124B)
Class org.gradle.internal.Cast                                                        : loaded 2 times (x 67B)
Class org.gradle.api.Action                                                           : loaded 2 times (x 66B)
Class kotlin.jvm.functions.Function1                                                  : loaded 2 times (x 66B)
Class org.gradle.internal.classpath.DefaultClassPath$ImmutableUniqueList$Builder      : loaded 2 times (x 71B)
Class org.jetbrains.kotlin.idea.gradleTooling.model.samWithReceiver.SamWithReceiverModel: loaded 2 times (x 66B)
Class sync_studio_tooling15263_5zc10lukdu0vuefmu1rp23u1c                              : loaded 2 times (x 175B)
Class org.gradle.internal.exceptions.NonGradleCauseExceptionsHolder                   : loaded 2 times (x 66B)
Class org.jetbrains.plugins.gradle.tooling.ModelBuilderService$Parameter              : loaded 2 times (x 66B)
Class org.jetbrains.kotlin.idea.gradleTooling.model.assignment.AssignmentModel        : loaded 2 times (x 66B)
Class kotlin.enums.EnumEntriesKt                                                      : loaded 2 times (x 67B)
Class org.gradle.internal.IoActions                                                   : loaded 2 times (x 67B)
Class org.gradle.internal.classloader.SystemClassLoaderSpec                           : loaded 2 times (x 67B)
Class org.gradle.internal.exceptions.MultiCauseException                              : loaded 2 times (x 66B)
Class org.gradle.internal.time.CountdownTimer                                         : loaded 2 times (x 66B)
Class kotlin.jvm.internal.Intrinsics                                                  : loaded 2 times (x 67B)
Class org.jetbrains.kotlin.idea.gradleTooling.model.parcelize.ParcelizeGradleModel    : loaded 2 times (x 66B)
Class org.gradle.tooling.model.ProjectModel                                           : loaded 2 times (x 66B)
Class kotlin.KotlinNullPointerException                                               : loaded 2 times (x 79B)
Class org.jetbrains.plugins.gradle.model.tests.ExternalTestsModel                     : loaded 2 times (x 66B)
Class org.gradle.internal.exceptions.DefaultMultiCauseException                       : loaded 2 times (x 91B)
Class org.gradle.internal.time.Time                                                   : loaded 2 times (x 67B)
Class org.jetbrains.plugins.gradle.model.DependencyAccessorsModel                     : loaded 2 times (x 66B)
Class org.gradle.api.internal.classpath.GlobalCacheRootsProvider                      : loaded 2 times (x 66B)
Class org.jetbrains.kotlin.idea.gradleTooling.KotlinMPPGradleModel                    : loaded 2 times (x 66B)
Class org.gradle.tooling.model.BuildIdentifier                                        : loaded 2 times (x 66B)
Class org.jetbrains.kotlin.idea.gradleTooling.PrepareKotlinIdeImportTaskModel         : loaded 2 times (x 66B)
Class org.gradle.internal.time.Timer                                                  : loaded 2 times (x 66B)
Class kotlin.jvm.internal.markers.KMappedMarker                                       : loaded 2 times (x 66B)
Class org.gradle.internal.installation.CurrentGradleInstallationLocator               : loaded 2 times (x 67B)
Class org.gradle.internal.service.DefaultServiceLocator                               : loaded 2 times (x 79B)
Class org.gradle.util.GradleVersion                                                   : loaded 2 times (x 79B)
Class org.gradle.internal.installation.CurrentGradleInstallation                      : loaded 2 times (x 69B)
Class org.jetbrains.plugins.gradle.javaModel.JavaGradleManifestModel                  : loaded 2 times (x 66B)
Class org.gradle.util.internal.GUtil                                                  : loaded 2 times (x 67B)
Class org.gradle.internal.installation.GradleInstallation                             : loaded 2 times (x 71B)

---------------  S Y S T E M  ---------------

OS:
 Windows 11 , 64 bit Build 26100 (10.0.26100.3775)
OS uptime: 0 days 5:32 hours
Hyper-V role detected

CPU: total 8 (initial active 8) (8 cores per cpu, 2 threads per core) family 23 model 24 stepping 1 microcode 0x8108109, cx8, cmov, fxsr, ht, mmx, 3dnowpref, sse, sse2, sse3, ssse3, sse4a, sse4.1, sse4.2, popcnt, lzcnt, tsc, tscinvbit, avx, avx2, aes, clmul, bmi1, bmi2, adx, sha, fma, vzeroupper, clflush, clflushopt, hv, rdtscp, f16c
Processor Information for the first 8 processors :
  Max Mhz: 2100, Current Mhz: 2100, Mhz Limit: 2100

Memory: 4k page, system-wide physical 14252M (5077M free)
TotalPageFile size 14252M (AvailPageFile size 12M)
current process WorkingSet (physical memory assigned to process): 331M, peak: 331M
current process commit charge ("private bytes"): 371M, peak: 371M

vm_info: OpenJDK 64-Bit Server VM (21.0.6+-13355223-b631.42) for windows-amd64 JRE (21.0.6+-13355223-b631.42), built on 2025-04-14T18:21:23Z by "builder" with MS VC++ 16.10 / 16.11 (VS2019)

END.
